This is pdfTeX, Version 3.14159265-2.6-1.40.18 (TeX Live 2017/Debian) (preloaded format=pdflatex 2017.11.25)  27 NOV 2017 21:59
entering extended mode
 restricted \write18 enabled.
 %&-line parsing enabled.
**main.tex
(./main.tex
LaTeX2e <2017-04-15>
Babel <3.14> and hyphenation patterns for 84 language(s) loaded.
(/usr/share/texlive/texmf-dist/tex/latex/base/book.cls
Document Class: book 2014/09/29 v1.4h Standard LaTeX document class
(/usr/share/texlive/texmf-dist/tex/latex/base/fleqn.clo
File: fleqn.clo 2016/12/29 v1.2a Standard LaTeX option (flush left equations)
\mathindent=\dimen102
Applying: [2015/01/01] Make \[ robust on input line 50.
LaTeX Info: Redefining \[ on input line 51.
Already applied: [0000/00/00] Make \[ robust on input line 62.
Applying: [2015/01/01] Make \] robust on input line 74.
LaTeX Info: Redefining \] on input line 75.
Already applied: [0000/00/00] Make \] robust on input line 83.
)
(/usr/share/texlive/texmf-dist/tex/latex/base/bk12.clo
File: bk12.clo 2014/09/29 v1.4h Standard LaTeX file (size option)
)
\c@part=\count79
\c@chapter=\count80
\c@section=\count81
\c@subsection=\count82
\c@subsubsection=\count83
\c@paragraph=\count84
\c@subparagraph=\count85
\c@figure=\count86
\c@table=\count87
\abovecaptionskip=\skip41
\belowcaptionskip=\skip42
\bibindent=\dimen103
)
(/usr/share/texlive/texmf-dist/tex/latex/geometry/geometry.sty
Package: geometry 2010/09/12 v5.6 Page Geometry

(/usr/share/texlive/texmf-dist/tex/latex/graphics/keyval.sty
Package: keyval 2014/10/28 v1.15 key=value parser (DPC)
\KV@toks@=\toks14
)
(/usr/share/texlive/texmf-dist/tex/generic/oberdiek/ifpdf.sty
Package: ifpdf 2017/03/15 v3.2 Provides the ifpdf switch
)
(/usr/share/texlive/texmf-dist/tex/generic/oberdiek/ifvtex.sty
Package: ifvtex 2016/05/16 v1.6 Detect VTeX and its facilities (HO)
Package ifvtex Info: VTeX not detected.
)
(/usr/share/texlive/texmf-dist/tex/generic/ifxetex/ifxetex.sty
Package: ifxetex 2010/09/12 v0.6 Provides ifxetex conditional
)
\Gm@cnth=\count88
\Gm@cntv=\count89
\c@Gm@tempcnt=\count90
\Gm@bindingoffset=\dimen104
\Gm@wd@mp=\dimen105
\Gm@odd@mp=\dimen106
\Gm@even@mp=\dimen107
\Gm@layoutwidth=\dimen108
\Gm@layoutheight=\dimen109
\Gm@layouthoffset=\dimen110
\Gm@layoutvoffset=\dimen111
\Gm@dimlist=\toks15
)
(/usr/share/texlive/texmf-dist/tex/latex/base/inputenc.sty
Package: inputenc 2015/03/17 v1.2c Input encoding file
\inpenc@prehook=\toks16
\inpenc@posthook=\toks17

(/usr/share/texlive/texmf-dist/tex/latex/base/utf8.def
File: utf8.def 2017/01/28 v1.1t UTF-8 support for inputenc
Now handling font encoding OML ...
... no UTF-8 mapping file for font encoding OML
Now handling font encoding T1 ...
... processing UTF-8 mapping file for font encoding T1

(/usr/share/texlive/texmf-dist/tex/latex/base/t1enc.dfu
File: t1enc.dfu 2017/01/28 v1.1t UTF-8 support for inputenc
   defining Unicode char U+00A0 (decimal 160)
   defining Unicode char U+00A1 (decimal 161)
   defining Unicode char U+00A3 (decimal 163)
   defining Unicode char U+00AB (decimal 171)
   defining Unicode char U+00AD (decimal 173)
   defining Unicode char U+00BB (decimal 187)
   defining Unicode char U+00BF (decimal 191)
   defining Unicode char U+00C0 (decimal 192)
   defining Unicode char U+00C1 (decimal 193)
   defining Unicode char U+00C2 (decimal 194)
   defining Unicode char U+00C3 (decimal 195)
   defining Unicode char U+00C4 (decimal 196)
   defining Unicode char U+00C5 (decimal 197)
   defining Unicode char U+00C6 (decimal 198)
   defining Unicode char U+00C7 (decimal 199)
   defining Unicode char U+00C8 (decimal 200)
   defining Unicode char U+00C9 (decimal 201)
   defining Unicode char U+00CA (decimal 202)
   defining Unicode char U+00CB (decimal 203)
   defining Unicode char U+00CC (decimal 204)
   defining Unicode char U+00CD (decimal 205)
   defining Unicode char U+00CE (decimal 206)
   defining Unicode char U+00CF (decimal 207)
   defining Unicode char U+00D0 (decimal 208)
   defining Unicode char U+00D1 (decimal 209)
   defining Unicode char U+00D2 (decimal 210)
   defining Unicode char U+00D3 (decimal 211)
   defining Unicode char U+00D4 (decimal 212)
   defining Unicode char U+00D5 (decimal 213)
   defining Unicode char U+00D6 (decimal 214)
   defining Unicode char U+00D8 (decimal 216)
   defining Unicode char U+00D9 (decimal 217)
   defining Unicode char U+00DA (decimal 218)
   defining Unicode char U+00DB (decimal 219)
   defining Unicode char U+00DC (decimal 220)
   defining Unicode char U+00DD (decimal 221)
   defining Unicode char U+00DE (decimal 222)
   defining Unicode char U+00DF (decimal 223)
   defining Unicode char U+00E0 (decimal 224)
   defining Unicode char U+00E1 (decimal 225)
   defining Unicode char U+00E2 (decimal 226)
   defining Unicode char U+00E3 (decimal 227)
   defining Unicode char U+00E4 (decimal 228)
   defining Unicode char U+00E5 (decimal 229)
   defining Unicode char U+00E6 (decimal 230)
   defining Unicode char U+00E7 (decimal 231)
   defining Unicode char U+00E8 (decimal 232)
   defining Unicode char U+00E9 (decimal 233)
   defining Unicode char U+00EA (decimal 234)
   defining Unicode char U+00EB (decimal 235)
   defining Unicode char U+00EC (decimal 236)
   defining Unicode char U+00ED (decimal 237)
   defining Unicode char U+00EE (decimal 238)
   defining Unicode char U+00EF (decimal 239)
   defining Unicode char U+00F0 (decimal 240)
   defining Unicode char U+00F1 (decimal 241)
   defining Unicode char U+00F2 (decimal 242)
   defining Unicode char U+00F3 (decimal 243)
   defining Unicode char U+00F4 (decimal 244)
   defining Unicode char U+00F5 (decimal 245)
   defining Unicode char U+00F6 (decimal 246)
   defining Unicode char U+00F8 (decimal 248)
   defining Unicode char U+00F9 (decimal 249)
   defining Unicode char U+00FA (decimal 250)
   defining Unicode char U+00FB (decimal 251)
   defining Unicode char U+00FC (decimal 252)
   defining Unicode char U+00FD (decimal 253)
   defining Unicode char U+00FE (decimal 254)
   defining Unicode char U+00FF (decimal 255)
   defining Unicode char U+0100 (decimal 256)
   defining Unicode char U+0101 (decimal 257)
   defining Unicode char U+0102 (decimal 258)
   defining Unicode char U+0103 (decimal 259)
   defining Unicode char U+0104 (decimal 260)
   defining Unicode char U+0105 (decimal 261)
   defining Unicode char U+0106 (decimal 262)
   defining Unicode char U+0107 (decimal 263)
   defining Unicode char U+0108 (decimal 264)
   defining Unicode char U+0109 (decimal 265)
   defining Unicode char U+010A (decimal 266)
   defining Unicode char U+010B (decimal 267)
   defining Unicode char U+010C (decimal 268)
   defining Unicode char U+010D (decimal 269)
   defining Unicode char U+010E (decimal 270)
   defining Unicode char U+010F (decimal 271)
   defining Unicode char U+0110 (decimal 272)
   defining Unicode char U+0111 (decimal 273)
   defining Unicode char U+0112 (decimal 274)
   defining Unicode char U+0113 (decimal 275)
   defining Unicode char U+0114 (decimal 276)
   defining Unicode char U+0115 (decimal 277)
   defining Unicode char U+0116 (decimal 278)
   defining Unicode char U+0117 (decimal 279)
   defining Unicode char U+0118 (decimal 280)
   defining Unicode char U+0119 (decimal 281)
   defining Unicode char U+011A (decimal 282)
   defining Unicode char U+011B (decimal 283)
   defining Unicode char U+011C (decimal 284)
   defining Unicode char U+011D (decimal 285)
   defining Unicode char U+011E (decimal 286)
   defining Unicode char U+011F (decimal 287)
   defining Unicode char U+0120 (decimal 288)
   defining Unicode char U+0121 (decimal 289)
   defining Unicode char U+0122 (decimal 290)
   defining Unicode char U+0123 (decimal 291)
   defining Unicode char U+0124 (decimal 292)
   defining Unicode char U+0125 (decimal 293)
   defining Unicode char U+0128 (decimal 296)
   defining Unicode char U+0129 (decimal 297)
   defining Unicode char U+012A (decimal 298)
   defining Unicode char U+012B (decimal 299)
   defining Unicode char U+012C (decimal 300)
   defining Unicode char U+012D (decimal 301)
   defining Unicode char U+012E (decimal 302)
   defining Unicode char U+012F (decimal 303)
   defining Unicode char U+0130 (decimal 304)
   defining Unicode char U+0131 (decimal 305)
   defining Unicode char U+0132 (decimal 306)
   defining Unicode char U+0133 (decimal 307)
   defining Unicode char U+0134 (decimal 308)
   defining Unicode char U+0135 (decimal 309)
   defining Unicode char U+0136 (decimal 310)
   defining Unicode char U+0137 (decimal 311)
   defining Unicode char U+0139 (decimal 313)
   defining Unicode char U+013A (decimal 314)
   defining Unicode char U+013B (decimal 315)
   defining Unicode char U+013C (decimal 316)
   defining Unicode char U+013D (decimal 317)
   defining Unicode char U+013E (decimal 318)
   defining Unicode char U+0141 (decimal 321)
   defining Unicode char U+0142 (decimal 322)
   defining Unicode char U+0143 (decimal 323)
   defining Unicode char U+0144 (decimal 324)
   defining Unicode char U+0145 (decimal 325)
   defining Unicode char U+0146 (decimal 326)
   defining Unicode char U+0147 (decimal 327)
   defining Unicode char U+0148 (decimal 328)
   defining Unicode char U+014A (decimal 330)
   defining Unicode char U+014B (decimal 331)
   defining Unicode char U+014C (decimal 332)
   defining Unicode char U+014D (decimal 333)
   defining Unicode char U+014E (decimal 334)
   defining Unicode char U+014F (decimal 335)
   defining Unicode char U+0150 (decimal 336)
   defining Unicode char U+0151 (decimal 337)
   defining Unicode char U+0152 (decimal 338)
   defining Unicode char U+0153 (decimal 339)
   defining Unicode char U+0154 (decimal 340)
   defining Unicode char U+0155 (decimal 341)
   defining Unicode char U+0156 (decimal 342)
   defining Unicode char U+0157 (decimal 343)
   defining Unicode char U+0158 (decimal 344)
   defining Unicode char U+0159 (decimal 345)
   defining Unicode char U+015A (decimal 346)
   defining Unicode char U+015B (decimal 347)
   defining Unicode char U+015C (decimal 348)
   defining Unicode char U+015D (decimal 349)
   defining Unicode char U+015E (decimal 350)
   defining Unicode char U+015F (decimal 351)
   defining Unicode char U+0160 (decimal 352)
   defining Unicode char U+0161 (decimal 353)
   defining Unicode char U+0162 (decimal 354)
   defining Unicode char U+0163 (decimal 355)
   defining Unicode char U+0164 (decimal 356)
   defining Unicode char U+0165 (decimal 357)
   defining Unicode char U+0168 (decimal 360)
   defining Unicode char U+0169 (decimal 361)
   defining Unicode char U+016A (decimal 362)
   defining Unicode char U+016B (decimal 363)
   defining Unicode char U+016C (decimal 364)
   defining Unicode char U+016D (decimal 365)
   defining Unicode char U+016E (decimal 366)
   defining Unicode char U+016F (decimal 367)
   defining Unicode char U+0170 (decimal 368)
   defining Unicode char U+0171 (decimal 369)
   defining Unicode char U+0172 (decimal 370)
   defining Unicode char U+0173 (decimal 371)
   defining Unicode char U+0174 (decimal 372)
   defining Unicode char U+0175 (decimal 373)
   defining Unicode char U+0176 (decimal 374)
   defining Unicode char U+0177 (decimal 375)
   defining Unicode char U+0178 (decimal 376)
   defining Unicode char U+0179 (decimal 377)
   defining Unicode char U+017A (decimal 378)
   defining Unicode char U+017B (decimal 379)
   defining Unicode char U+017C (decimal 380)
   defining Unicode char U+017D (decimal 381)
   defining Unicode char U+017E (decimal 382)
   defining Unicode char U+01CD (decimal 461)
   defining Unicode char U+01CE (decimal 462)
   defining Unicode char U+01CF (decimal 463)
   defining Unicode char U+01D0 (decimal 464)
   defining Unicode char U+01D1 (decimal 465)
   defining Unicode char U+01D2 (decimal 466)
   defining Unicode char U+01D3 (decimal 467)
   defining Unicode char U+01D4 (decimal 468)
   defining Unicode char U+01E2 (decimal 482)
   defining Unicode char U+01E3 (decimal 483)
   defining Unicode char U+01E6 (decimal 486)
   defining Unicode char U+01E7 (decimal 487)
   defining Unicode char U+01E8 (decimal 488)
   defining Unicode char U+01E9 (decimal 489)
   defining Unicode char U+01EA (decimal 490)
   defining Unicode char U+01EB (decimal 491)
   defining Unicode char U+01F0 (decimal 496)
   defining Unicode char U+01F4 (decimal 500)
   defining Unicode char U+01F5 (decimal 501)
   defining Unicode char U+0218 (decimal 536)
   defining Unicode char U+0219 (decimal 537)
   defining Unicode char U+021A (decimal 538)
   defining Unicode char U+021B (decimal 539)
   defining Unicode char U+0232 (decimal 562)
   defining Unicode char U+0233 (decimal 563)
   defining Unicode char U+1E02 (decimal 7682)
   defining Unicode char U+1E03 (decimal 7683)
   defining Unicode char U+200C (decimal 8204)
   defining Unicode char U+2010 (decimal 8208)
   defining Unicode char U+2011 (decimal 8209)
   defining Unicode char U+2012 (decimal 8210)
   defining Unicode char U+2013 (decimal 8211)
   defining Unicode char U+2014 (decimal 8212)
   defining Unicode char U+2015 (decimal 8213)
   defining Unicode char U+2018 (decimal 8216)
   defining Unicode char U+2019 (decimal 8217)
   defining Unicode char U+201A (decimal 8218)
   defining Unicode char U+201C (decimal 8220)
   defining Unicode char U+201D (decimal 8221)
   defining Unicode char U+201E (decimal 8222)
   defining Unicode char U+2030 (decimal 8240)
   defining Unicode char U+2031 (decimal 8241)
   defining Unicode char U+2039 (decimal 8249)
   defining Unicode char U+203A (decimal 8250)
   defining Unicode char U+2423 (decimal 9251)
   defining Unicode char U+1E20 (decimal 7712)
   defining Unicode char U+1E21 (decimal 7713)
)
Now handling font encoding OT1 ...
... processing UTF-8 mapping file for font encoding OT1

(/usr/share/texlive/texmf-dist/tex/latex/base/ot1enc.dfu
File: ot1enc.dfu 2017/01/28 v1.1t UTF-8 support for inputenc
   defining Unicode char U+00A0 (decimal 160)
   defining Unicode char U+00A1 (decimal 161)
   defining Unicode char U+00A3 (decimal 163)
   defining Unicode char U+00AD (decimal 173)
   defining Unicode char U+00B8 (decimal 184)
   defining Unicode char U+00BF (decimal 191)
   defining Unicode char U+00C5 (decimal 197)
   defining Unicode char U+00C6 (decimal 198)
   defining Unicode char U+00D8 (decimal 216)
   defining Unicode char U+00DF (decimal 223)
   defining Unicode char U+00E6 (decimal 230)
   defining Unicode char U+00EC (decimal 236)
   defining Unicode char U+00ED (decimal 237)
   defining Unicode char U+00EE (decimal 238)
   defining Unicode char U+00EF (decimal 239)
   defining Unicode char U+00F8 (decimal 248)
   defining Unicode char U+0131 (decimal 305)
   defining Unicode char U+0141 (decimal 321)
   defining Unicode char U+0142 (decimal 322)
   defining Unicode char U+0152 (decimal 338)
   defining Unicode char U+0153 (decimal 339)
   defining Unicode char U+0174 (decimal 372)
   defining Unicode char U+0175 (decimal 373)
   defining Unicode char U+0176 (decimal 374)
   defining Unicode char U+0177 (decimal 375)
   defining Unicode char U+0218 (decimal 536)
   defining Unicode char U+0219 (decimal 537)
   defining Unicode char U+021A (decimal 538)
   defining Unicode char U+021B (decimal 539)
   defining Unicode char U+2013 (decimal 8211)
   defining Unicode char U+2014 (decimal 8212)
   defining Unicode char U+2018 (decimal 8216)
   defining Unicode char U+2019 (decimal 8217)
   defining Unicode char U+201C (decimal 8220)
   defining Unicode char U+201D (decimal 8221)
)
Now handling font encoding OMS ...
... processing UTF-8 mapping file for font encoding OMS

(/usr/share/texlive/texmf-dist/tex/latex/base/omsenc.dfu
File: omsenc.dfu 2017/01/28 v1.1t UTF-8 support for inputenc
   defining Unicode char U+00A7 (decimal 167)
   defining Unicode char U+00B6 (decimal 182)
   defining Unicode char U+00B7 (decimal 183)
   defining Unicode char U+2020 (decimal 8224)
   defining Unicode char U+2021 (decimal 8225)
   defining Unicode char U+2022 (decimal 8226)
)
Now handling font encoding OMX ...
... no UTF-8 mapping file for font encoding OMX
Now handling font encoding U ...
... no UTF-8 mapping file for font encoding U
   defining Unicode char U+00A9 (decimal 169)
   defining Unicode char U+00AA (decimal 170)
   defining Unicode char U+00AE (decimal 174)
   defining Unicode char U+00BA (decimal 186)
   defining Unicode char U+02C6 (decimal 710)
   defining Unicode char U+02DC (decimal 732)
   defining Unicode char U+200C (decimal 8204)
   defining Unicode char U+2026 (decimal 8230)
   defining Unicode char U+2122 (decimal 8482)
   defining Unicode char U+2423 (decimal 9251)
))
(/usr/share/texlive/texmf-dist/tex/generic/babel/babel.sty
Package: babel 2017/10/04 3.14 The Babel package

(/usr/share/texlive/texmf-dist/tex/generic/babel/switch.def
File: switch.def 2017/10/04 3.14 Babel switching mechanism
)
(/usr/share/texlive/texmf-dist/tex/generic/babel-italian/italian.ldf
Language: italian 2015/03/26 v1.3n Italian support from the babel system

(/usr/share/texlive/texmf-dist/tex/generic/babel/babel.def
File: babel.def 2017/10/04 3.14 Babel common definitions

(/usr/share/texlive/texmf-dist/tex/generic/babel/switch.def
File: switch.def 2017/10/04 3.14 Babel switching mechanism
)
\babel@savecnt=\count91
\U@D=\dimen112
)
\it@lettering=\count92
\it@doublequoteactive=\count93
\it@ISOcompliance=\count94
))
(/usr/share/texlive/texmf-dist/tex/latex/etoolbox/etoolbox.sty
Package: etoolbox 2017/01/02 v2.4 e-TeX tools for LaTeX (JAW)
\etb@tempcnta=\count95
)
(/usr/share/texlive/texmf-dist/tex/latex/amsmath/amsmath.sty
Package: amsmath 2017/09/02 v2.17a AMS math features
\@mathmargin=\skip43

For additional information on amsmath, use the `?' option.
(/usr/share/texlive/texmf-dist/tex/latex/amsmath/amstext.sty
Package: amstext 2000/06/29 v2.01 AMS text

(/usr/share/texlive/texmf-dist/tex/latex/amsmath/amsgen.sty
File: amsgen.sty 1999/11/30 v2.0 generic functions
\@emptytoks=\toks18
\ex@=\dimen113
))
(/usr/share/texlive/texmf-dist/tex/latex/amsmath/amsbsy.sty
Package: amsbsy 1999/11/29 v1.2d Bold Symbols
\pmbraise@=\dimen114
)
(/usr/share/texlive/texmf-dist/tex/latex/amsmath/amsopn.sty
Package: amsopn 2016/03/08 v2.02 operator names
)
\inf@bad=\count96
LaTeX Info: Redefining \frac on input line 213.
\uproot@=\count97
\leftroot@=\count98
LaTeX Info: Redefining \overline on input line 375.
\classnum@=\count99
\DOTSCASE@=\count100
LaTeX Info: Redefining \ldots on input line 472.
LaTeX Info: Redefining \dots on input line 475.
LaTeX Info: Redefining \cdots on input line 596.
\Mathstrutbox@=\box26
\strutbox@=\box27
\big@size=\dimen115
LaTeX Font Info:    Redeclaring font encoding OML on input line 712.
LaTeX Font Info:    Redeclaring font encoding OMS on input line 713.
\macc@depth=\count101
\c@MaxMatrixCols=\count102
\dotsspace@=\muskip10
\c@parentequation=\count103
\dspbrk@lvl=\count104
\tag@help=\toks19
\row@=\count105
\column@=\count106
\maxfields@=\count107
\andhelp@=\toks20
\eqnshift@=\dimen116
\alignsep@=\dimen117
\tagshift@=\dimen118
\tagwidth@=\dimen119
\totwidth@=\dimen120
\lineht@=\dimen121
\@envbody=\toks21
\multlinegap=\skip44
\multlinetaggap=\skip45
\mathdisplay@stack=\toks22
LaTeX Info: Redefining \[ on input line 2817.
LaTeX Info: Redefining \] on input line 2818.
)
(/usr/share/texlive/texmf-dist/tex/latex/amsfonts/amssymb.sty
Package: amssymb 2013/01/14 v3.01 AMS font symbols

(/usr/share/texlive/texmf-dist/tex/latex/amsfonts/amsfonts.sty
Package: amsfonts 2013/01/14 v3.01 Basic AMSFonts support
\symAMSa=\mathgroup4
\symAMSb=\mathgroup5
LaTeX Font Info:    Overwriting math alphabet `\mathfrak' in version `bold'
(Font)                  U/euf/m/n --> U/euf/b/n on input line 106.
))
(/usr/share/texlive/texmf-dist/tex/latex/amscls/amsthm.sty
Package: amsthm 2015/03/04 v2.20.2
\thm@style=\toks23
\thm@bodyfont=\toks24
\thm@headfont=\toks25
\thm@notefont=\toks26
\thm@headpunct=\toks27
\thm@preskip=\skip46
\thm@postskip=\skip47
\thm@headsep=\skip48
\dth@everypar=\toks28
)
(/usr/share/texlive/texmf-dist/tex/latex/graphics/graphicx.sty
Package: graphicx 2017/06/01 v1.1a Enhanced LaTeX Graphics (DPC,SPQR)

(/usr/share/texlive/texmf-dist/tex/latex/graphics/graphics.sty
Package: graphics 2017/06/25 v1.2c Standard LaTeX Graphics (DPC,SPQR)

(/usr/share/texlive/texmf-dist/tex/latex/graphics/trig.sty
Package: trig 2016/01/03 v1.10 sin cos tan (DPC)
)
(/usr/share/texlive/texmf-dist/tex/latex/graphics-cfg/graphics.cfg
File: graphics.cfg 2016/06/04 v1.11 sample graphics configuration
)
Package graphics Info: Driver file: pdftex.def on input line 99.

(/usr/share/texlive/texmf-dist/tex/latex/graphics-def/pdftex.def
File: pdftex.def 2017/06/24 v1.0g Graphics/color driver for pdftex
))
\Gin@req@height=\dimen122
\Gin@req@width=\dimen123
)
(/usr/share/texlive/texmf-dist/tex/latex/enumitem/enumitem.sty
Package: enumitem 2011/09/28 v3.5.2 Customized lists
\labelindent=\skip49
\enit@outerparindent=\dimen124
\enit@toks=\toks29
\enit@inbox=\box28
\enitdp@description=\count108
)
(/usr/share/texlive/texmf-dist/tex/latex/pdfpages/pdfpages.sty
Package: pdfpages 2017/08/14 v0.5k Insert pages of external PDF documents (AM)

(/usr/share/texlive/texmf-dist/tex/latex/base/ifthen.sty
Package: ifthen 2014/09/29 v1.1c Standard LaTeX ifthen package (DPC)
)
(/usr/share/texlive/texmf-dist/tex/latex/tools/calc.sty
Package: calc 2014/10/28 v4.3 Infix arithmetic (KKT,FJ)
\calc@Acount=\count109
\calc@Bcount=\count110
\calc@Adimen=\dimen125
\calc@Bdimen=\dimen126
\calc@Askip=\skip50
\calc@Bskip=\skip51
LaTeX Info: Redefining \setlength on input line 80.
LaTeX Info: Redefining \addtolength on input line 81.
\calc@Ccount=\count111
\calc@Cskip=\skip52
)
(/usr/share/texlive/texmf-dist/tex/latex/eso-pic/eso-pic.sty
Package: eso-pic 2015/07/21 v2.0g eso-pic (RN)

(/usr/share/texlive/texmf-dist/tex/generic/oberdiek/atbegshi.sty
Package: atbegshi 2016/06/09 v1.18 At begin shipout hook (HO)

(/usr/share/texlive/texmf-dist/tex/generic/oberdiek/infwarerr.sty
Package: infwarerr 2016/05/16 v1.4 Providing info/warning/error messages (HO)
)
(/usr/share/texlive/texmf-dist/tex/generic/oberdiek/ltxcmds.sty
Package: ltxcmds 2016/05/16 v1.23 LaTeX kernel commands for general use (HO)
))
(/usr/share/texlive/texmf-dist/tex/latex/xcolor/xcolor.sty
Package: xcolor 2016/05/11 v2.12 LaTeX color extensions (UK)

(/usr/share/texlive/texmf-dist/tex/latex/graphics-cfg/color.cfg
File: color.cfg 2016/01/02 v1.6 sample color configuration
)
Package xcolor Info: Driver file: pdftex.def on input line 225.
Package xcolor Info: Model `cmy' substituted by `cmy0' on input line 1348.
Package xcolor Info: Model `hsb' substituted by `rgb' on input line 1352.
Package xcolor Info: Model `RGB' extended on input line 1364.
Package xcolor Info: Model `HTML' substituted by `rgb' on input line 1366.
Package xcolor Info: Model `Hsb' substituted by `hsb' on input line 1367.
Package xcolor Info: Model `tHsb' substituted by `hsb' on input line 1368.
Package xcolor Info: Model `HSB' substituted by `hsb' on input line 1369.
Package xcolor Info: Model `Gray' substituted by `gray' on input line 1370.
Package xcolor Info: Model `wave' substituted by `hsb' on input line 1371.
))
\AM@pagewidth=\dimen127
\AM@pageheight=\dimen128

(/usr/share/texlive/texmf-dist/tex/latex/pdfpages/pppdftex.def
File: pppdftex.def 2017/08/14 v0.5k Pdfpages driver for pdfTeX (AM)
)
\AM@pagebox=\box29
\AM@global@opts=\toks30
\AM@toc@title=\toks31
\c@AM@survey=\count112
\AM@templatesizebox=\box30
)
\c@esempio=\count113
 (./main.aux
(./Teoria/meccanica.aux) (./Teoria/elettrostatica.aux)
(./Teoria/magnetostatica.aux) (./Teoria/circuiti.aux))
\openout1 = `main.aux'.

LaTeX Font Info:    Checking defaults for OML/cmm/m/it on input line 22.
LaTeX Font Info:    ... okay on input line 22.
LaTeX Font Info:    Checking defaults for T1/cmr/m/n on input line 22.
LaTeX Font Info:    ... okay on input line 22.
LaTeX Font Info:    Checking defaults for OT1/cmr/m/n on input line 22.
LaTeX Font Info:    ... okay on input line 22.
LaTeX Font Info:    Checking defaults for OMS/cmsy/m/n on input line 22.
LaTeX Font Info:    ... okay on input line 22.
LaTeX Font Info:    Checking defaults for OMX/cmex/m/n on input line 22.
LaTeX Font Info:    ... okay on input line 22.
LaTeX Font Info:    Checking defaults for U/cmr/m/n on input line 22.
LaTeX Font Info:    ... okay on input line 22.

*geometry* driver: auto-detecting
*geometry* detected driver: pdftex
*geometry* verbose mode - [ preamble ] result:
* driver: pdftex
* paper: letterpaper
* layout: <same size as paper>
* layoutoffset:(h,v)=(0.0pt,0.0pt)
* modes: twoside 
* h-part:(L,W,R)=(91.04872pt, 432.19756pt, 91.04872pt)
* v-part:(T,H,B)=(85.35826pt, 624.25346pt, 85.35826pt)
* \paperwidth=614.295pt
* \paperheight=794.96999pt
* \textwidth=432.19756pt
* \textheight=624.25346pt
* \oddsidemargin=18.77873pt
* \evensidemargin=18.77873pt
* \topmargin=-8.91173pt
* \headheight=12.0pt
* \headsep=10.0pt
* \topskip=12.0pt
* \footskip=30.0pt
* \marginparwidth=98.0pt
* \marginparsep=7.0pt
* \columnsep=10.0pt
* \skip\footins=10.8pt plus 4.0pt minus 2.0pt
* \hoffset=0.0pt
* \voffset=0.0pt
* \mag=1000
* \@twocolumnfalse
* \@twosidetrue
* \@mparswitchtrue
* \@reversemarginfalse
* (1in=72.27pt=25.4mm, 1cm=28.453pt)

LaTeX Info: Redefining \it@ocap on input line 22.
LaTeX Info: Redefining \it@ccap on input line 22.

File italian.ldf warning: 
italian.ldf    With OT1 encoding guillemets are poorly faked
italian.ldf    Use T1 encoding
italian.ldf    or specify a font with command \CaporaliFrom
italian.ldf    See the documentation concerning the babel-italian typesetting 
italian.ldf    on input line 22.

(/usr/share/texlive/texmf-dist/tex/context/base/mkii/supp-pdf.mkii
[Loading MPS to PDF converter (version 2006.09.02).]
\scratchcounter=\count114
\scratchdimen=\dimen129
\scratchbox=\box31
\nofMPsegments=\count115
\nofMParguments=\count116
\everyMPshowfont=\toks32
\MPscratchCnt=\count117
\MPscratchDim=\dimen130
\MPnumerator=\count118
\makeMPintoPDFobject=\count119
\everyMPtoPDFconversion=\toks33
) (/usr/share/texlive/texmf-dist/tex/latex/oberdiek/epstopdf-base.sty
Package: epstopdf-base 2016/05/15 v2.6 Base part for package epstopdf

(/usr/share/texlive/texmf-dist/tex/latex/oberdiek/grfext.sty
Package: grfext 2016/05/16 v1.2 Manage graphics extensions (HO)

(/usr/share/texlive/texmf-dist/tex/generic/oberdiek/kvdefinekeys.sty
Package: kvdefinekeys 2016/05/16 v1.4 Define keys (HO)
))
(/usr/share/texlive/texmf-dist/tex/latex/oberdiek/kvoptions.sty
Package: kvoptions 2016/05/16 v3.12 Key value format for package options (HO)

(/usr/share/texlive/texmf-dist/tex/generic/oberdiek/kvsetkeys.sty
Package: kvsetkeys 2016/05/16 v1.17 Key value parser (HO)

(/usr/share/texlive/texmf-dist/tex/generic/oberdiek/etexcmds.sty
Package: etexcmds 2016/05/16 v1.6 Avoid name clashes with e-TeX commands (HO)

(/usr/share/texlive/texmf-dist/tex/generic/oberdiek/ifluatex.sty
Package: ifluatex 2016/05/16 v1.4 Provides the ifluatex switch (HO)
Package ifluatex Info: LuaTeX not detected.
)
Package etexcmds Info: Could not find \expanded.
(etexcmds)             That can mean that you are not using pdfTeX 1.50 or
(etexcmds)             that some package has redefined \expanded.
(etexcmds)             In the latter case, load this package earlier.
)))
(/usr/share/texlive/texmf-dist/tex/generic/oberdiek/pdftexcmds.sty
Package: pdftexcmds 2017/03/19 v0.25 Utility functions of pdfTeX for LuaTeX (HO
)
Package pdftexcmds Info: LuaTeX not detected.
Package pdftexcmds Info: \pdf@primitive is available.
Package pdftexcmds Info: \pdf@ifprimitive is available.
Package pdftexcmds Info: \pdfdraftmode found.
)
Package epstopdf-base Info: Redefining graphics rule for `.eps' on input line 4
38.
Package grfext Info: Graphics extension search list:
(grfext)             [.pdf,.png,.jpg,.mps,.jpeg,.jbig2,.jb2,.PDF,.PNG,.JPG,.JPE
G,.JBIG2,.JB2,.eps]
(grfext)             \AppendGraphicsExtensions on input line 456.

(/usr/share/texlive/texmf-dist/tex/latex/latexconfig/epstopdf-sys.cfg
File: epstopdf-sys.cfg 2010/07/13 v1.3 Configuration of (r)epstopdf for TeX Liv
e
))
\AtBeginShipoutBox=\box32

(/usr/share/texlive/texmf-dist/tex/latex/oberdiek/pdflscape.sty
Package: pdflscape 2016/05/14 v0.11 Display of landscape pages in PDF (HO)

(/usr/share/texlive/texmf-dist/tex/latex/graphics/lscape.sty
Package: lscape 2000/10/22 v3.01 Landscape Pages (DPC)
)
Package pdflscape Info: Auto-detected driver: pdftex on input line 81.
)
LaTeX Font Info:    Try loading font information for U+msa on input line 24.

(/usr/share/texlive/texmf-dist/tex/latex/amsfonts/umsa.fd
File: umsa.fd 2013/01/14 v3.01 AMS symbols A
)
LaTeX Font Info:    Try loading font information for U+msb on input line 24.

(/usr/share/texlive/texmf-dist/tex/latex/amsfonts/umsb.fd
File: umsb.fd 2013/01/14 v3.01 AMS symbols B
) [1


{/var/lib/texmf/fonts/map/pdftex/updmap/pdftex.map}] [2

] (./main.toc [3])
\tf@toc=\write3
\openout3 = `main.toc'.

 [4]
\openout2 = `Teoria/meccanica.aux'.


(./Teoria/meccanica.tex
Capitolo 1.
<Pictures/vettori.png, id=19, 264.99pt x 264.99pt>
File: Pictures/vettori.png Graphic file (type png)
<use Pictures/vettori.png>
Package pdftex.def Info: Pictures/vettori.png  used on input line 11. on input 
line 11.
Package pdftex.def Info: Requested size: 105.99411pt x 105.99411pt on input lin
e 11.
[5


 <./Pictures/vettori.png>]
LaTeX Font Info:    Try loading font information for OMS+cmr on input line 35.

(/usr/share/texlive/texmf-dist/tex/latex/base/omscmr.fd
File: omscmr.fd 2014/09/29 v2.5h Standard LaTeX font definitions
)
LaTeX Font Info:    Font shape `OMS/cmr/m/n' in size <12> not available
(Font)              Font shape `OMS/cmsy/m/n' tried instead on input line 35.
 [6]
<Pictures/esempio1.png, id=32, 708.6475pt x 47.17625pt>
File: Pictures/esempio1.png Graphic file (type png)
<use Pictures/esempio1.png>
Package pdftex.def Info: Pictures/esempio1.png  used on input line 119. on inpu
t line 119.
Package pdftex.def Info: Requested size: 283.45398pt x 18.87015pt on input line
 119.


LaTeX Warning: `!h' float specifier changed to `!ht'.

<Pictures/esempio2.png, id=33, 382.42876pt x 47.17625pt>
File: Pictures/esempio2.png Graphic file (type png)
<use Pictures/esempio2.png>
Package pdftex.def Info: Pictures/esempio2.png  used on input line 128. on inpu
t line 128.
Package pdftex.def Info: Requested size: 152.96878pt x 18.87015pt on input line
 128.
[7]) [8 <./Pictures/esempio1.png> <./Pictures/esempio2.png>]
\openout2 = `Teoria/elettrostatica.aux'.


(./Teoria/elettrostatica.tex
Capitolo 2.
File: Pictures/esempio1.png Graphic file (type png)
<use Pictures/esempio1.png>
Package pdftex.def Info: Pictures/esempio1.png  used on input line 12. on input
 line 12.
Package pdftex.def Info: Requested size: 283.45398pt x 18.87015pt on input line
 12.
File: Pictures/esempio2.png Graphic file (type png)
<use Pictures/esempio2.png>
Package pdftex.def Info: Pictures/esempio2.png  used on input line 21. on input
 line 21.
Package pdftex.def Info: Requested size: 152.96878pt x 18.87015pt on input line
 21.
[9



]
<Pictures/esempio3.png, id=49, 365.365pt x 497.86pt>
File: Pictures/esempio3.png Graphic file (type png)
<use Pictures/esempio3.png>
Package pdftex.def Info: Pictures/esempio3.png  used on input line 54. on input
 line 54.
Package pdftex.def Info: Requested size: 146.1434pt x 199.14047pt on input line
 54.
 [10 <./Pictures/esempio3.png>]
<Pictures/esempio4.png, id=53, 301.125pt x 287.0725pt>
File: Pictures/esempio4.png Graphic file (type png)
<use Pictures/esempio4.png>
Package pdftex.def Info: Pictures/esempio4.png  used on input line 78. on input
 line 78.
Package pdftex.def Info: Requested size: 150.56212pt x 143.53589pt on input lin
e 78.
 [11 <./Pictures/esempio4.png>]
<Pictures/DipoloElettrico.png, id=58, 390.45876pt x 52.195pt>
File: Pictures/DipoloElettrico.png Graphic file (type png)
<use Pictures/DipoloElettrico.png>
Package pdftex.def Info: Pictures/DipoloElettrico.png  used on input line 128. 
on input line 128.
Package pdftex.def Info: Requested size: 234.27705pt x 31.31723pt on input line
 128.
 [12] [13 <./Pictures/DipoloElettrico.png>]) [14]
\openout2 = `Teoria/magnetostatica.aux'.

 (./Teoria/magnetostatica.tex
Capitolo 3.

Underfull \hbox (badness 10000) in paragraph at lines 9--14

 []

<Pictures/fili-paralleli-corrente.png, id=71, 420.06938pt x 164.11313pt>
File: Pictures/fili-paralleli-corrente.png Graphic file (type png)
<use Pictures/fili-paralleli-corrente.png>
Package pdftex.def Info: Pictures/fili-paralleli-corrente.png  used on input li
ne 22. on input line 22.
Package pdftex.def Info: Requested size: 294.04655pt x 114.87839pt on input lin
e 22.

LaTeX Warning: `!h' float specifier changed to `!ht'.

[15



]
<Pictures/biotSavart.png, id=75, 318.83824pt x 239.12868pt>
File: Pictures/biotSavart.png Graphic file (type png)
<use Pictures/biotSavart.png>
Package pdftex.def Info: Pictures/biotSavart.png  used on input line 60. on inp
ut line 60.
Package pdftex.def Info: Requested size: 318.83745pt x 239.12808pt on input lin
e 60.
 [16 <./Pictures/fili-paralleli-corrente.png>]
Underfull \vbox (badness 2134) has occurred while \output is active []

 [17 <./Pictures/biotSavart.png (PNG copy)>]
<Pictures/solenoide-ampere.png, id=83, 66.71077pt x 48.58284pt>
File: Pictures/solenoide-ampere.png Graphic file (type png)
<use Pictures/solenoide-ampere.png>
Package pdftex.def Info: Pictures/solenoide-ampere.png  used on input line 98. 
on input line 98.
Package pdftex.def Info: Requested size: 200.13176pt x 145.74815pt on input lin
e 98.
 [18 <./Pictures/solenoide-ampere.png>])
[19]
\openout2 = `Teoria/circuiti.aux'.

 (./Teoria/circuiti.tex [20



]
Capitolo 4.
<Pictures/circuito.png, id=95, 564.1075pt x 373.395pt>
File: Pictures/circuito.png Graphic file (type png)
<use Pictures/circuito.png>
Package pdftex.def Info: Pictures/circuito.png  used on input line 19. on input
 line 19.
Package pdftex.def Info: Requested size: 225.63899pt x 149.35535pt on input lin
e 19.

LaTeX Warning: `!h' float specifier changed to `!ht'.

[21]
Underfull \hbox (badness 10000) in paragraph at lines 36--39

 []


Underfull \hbox (badness 10000) in paragraph at lines 41--43

 []


Underfull \hbox (badness 10000) in paragraph at lines 41--43

 []

[22 <./Pictures/circuito.png>]
<Pictures/resistori-parallelo.png, id=103, 302.12875pt x 177.66376pt>
File: Pictures/resistori-parallelo.png Graphic file (type png)
<use Pictures/resistori-parallelo.png>
Package pdftex.def Info: Pictures/resistori-parallelo.png  used on input line 6
5. on input line 65.
Package pdftex.def Info: Requested size: 151.064pt x 88.83165pt on input line 6
5.
 [23 <./Pictures/resistori-parallelo.png>]
<Pictures/resistori-serie.png, id=108, 391.4625pt x 106.3975pt>
File: Pictures/resistori-serie.png Graphic file (type png)
<use Pictures/resistori-serie.png>
Package pdftex.def Info: Pictures/resistori-serie.png  used on input line 81. o
n input line 81.
Package pdftex.def Info: Requested size: 195.73076pt x 53.19861pt on input line
 81.

Underfull \hbox (badness 10000) in paragraph at lines 100--102

 []

[24 <./Pictures/resistori-serie.png>] [25]
<Pictures/condensatori-parallelo.jpg, id=117, 218.31563pt x 122.70844pt>
File: Pictures/condensatori-parallelo.jpg Graphic file (type jpg)
<use Pictures/condensatori-parallelo.jpg>
Package pdftex.def Info: Pictures/condensatori-parallelo.jpg  used on input lin
e 188. on input line 188.
Package pdftex.def Info: Requested size: 152.81989pt x 85.89531pt on input line
 188.
 [26]
<Pictures/condensatori-serie.jpg, id=122, 307.1475pt x 100.12407pt>
File: Pictures/condensatori-serie.jpg Graphic file (type jpg)
<use Pictures/condensatori-serie.jpg>
Package pdftex.def Info: Pictures/condensatori-serie.jpg  used on input line 20
4. on input line 204.
Package pdftex.def Info: Requested size: 245.71832pt x 80.09935pt on input line
 204.
 [27 <./Pictures/condensatori-parallelo.jpg> <./Pictures/condensatori-serie.jpg
>])
Underfull \hbox (badness 10000) in paragraph at lines 226--30

 []

[28]

pdfTeX warning: /usr/bin/pdflatex (file ./temi-esame.pdf): PDF inclusion: found
 PDF version <1.7>, but at most version <1.5> allowed
<temi-esame.pdf, id=129, pagebox=cropbox, 614.295pt x 794.97pt>
File: temi-esame.pdf Graphic file (type pdf)
<use temi-esame.pdf>
Package pdftex.def Info: temi-esame.pdf  used on input line 31. on input line 3
1.
Package pdftex.def Info: Requested size: 614.29349pt x 794.96806pt on input lin
e 31.


pdfTeX warning: /usr/bin/pdflatex (file ./temi-esame.pdf): PDF inclusion: found
 PDF version <1.7>, but at most version <1.5> allowed
File: temi-esame.pdf Graphic file (type pdf)
<use temi-esame.pdf>
Package pdftex.def Info: temi-esame.pdf  used on input line 31. on input line 3
1.
Package pdftex.def Info: Requested size: 614.29349pt x 794.96806pt on input lin
e 31.


pdfTeX warning: /usr/bin/pdflatex (file ./temi-esame.pdf): PDF inclusion: found
 PDF version <1.7>, but at most version <1.5> allowed


pdfTeX warning: /usr/bin/pdflatex (file ./temi-esame.pdf): PDF inclusion: found
 PDF version <1.7>, but at most version <1.5> allowed
<temi-esame.pdf, id=132, page=1, pagebox=cropbox, 614.295pt x 794.97pt>
File: temi-esame.pdf Graphic file (type pdf)
<use temi-esame.pdf, page 1>
Package pdftex.def Info: temi-esame.pdf , page1 used on input line 31. on input
 line 31.
Package pdftex.def Info: Requested size: 614.29349pt x 794.96806pt on input lin
e 31.
File: temi-esame.pdf Graphic file (type pdf)
<use temi-esame.pdf, page 1>
Package pdftex.def Info: temi-esame.pdf , page1 used on input line 31. on input
 line 31.
Package pdftex.def Info: Requested size: 614.58406pt x 795.3441pt on input line
 31.
File: temi-esame.pdf Graphic file (type pdf)
<use temi-esame.pdf, page 1>
Package pdftex.def Info: temi-esame.pdf , page1 used on input line 31. on input
 line 31.
Package pdftex.def Info: Requested size: 614.58406pt x 795.3441pt on input line
 31.
File: temi-esame.pdf Graphic file (type pdf)
<use temi-esame.pdf, page 1>
Package pdftex.def Info: temi-esame.pdf , page1 used on input line 31. on input
 line 31.
Package pdftex.def Info: Requested size: 614.58406pt x 795.3441pt on input line
 31.
File: temi-esame.pdf Graphic file (type pdf)
<use temi-esame.pdf, page 1>
Package pdftex.def Info: temi-esame.pdf , page1 used on input line 31. on input
 line 31.
Package pdftex.def Info: Requested size: 614.58406pt x 795.3441pt on input line
 31.
[29

 <./temi-esame.pdf>]

pdfTeX warning: /usr/bin/pdflatex (file ./temi-esame.pdf): PDF inclusion: found
 PDF version <1.7>, but at most version <1.5> allowed
<temi-esame.pdf, id=190, page=2, pagebox=cropbox, 597.23125pt x 845.1575pt>
File: temi-esame.pdf Graphic file (type pdf)
<use temi-esame.pdf, page 2>
Package pdftex.def Info: temi-esame.pdf , page2 used on input line 31. on input
 line 31.
Package pdftex.def Info: Requested size: 597.51228pt x 845.5552pt on input line
 31.
File: temi-esame.pdf Graphic file (type pdf)
<use temi-esame.pdf, page 2>
Package pdftex.def Info: temi-esame.pdf , page2 used on input line 31. on input
 line 31.
Package pdftex.def Info: Requested size: 597.51228pt x 845.5552pt on input line
 31.
File: temi-esame.pdf Graphic file (type pdf)
<use temi-esame.pdf, page 2>
Package pdftex.def Info: temi-esame.pdf , page2 used on input line 31. on input
 line 31.
Package pdftex.def Info: Requested size: 597.51228pt x 845.5552pt on input line
 31.
[30 <./temi-esame.pdf>]

pdfTeX warning: /usr/bin/pdflatex (file ./temi-esame.pdf): PDF inclusion: found
 PDF version <1.7>, but at most version <1.5> allowed
<temi-esame.pdf, id=195, page=3, pagebox=cropbox, 597.23125pt x 845.1575pt>
File: temi-esame.pdf Graphic file (type pdf)
<use temi-esame.pdf, page 3>
Package pdftex.def Info: temi-esame.pdf , page3 used on input line 31. on input
 line 31.
Package pdftex.def Info: Requested size: 597.51228pt x 845.5552pt on input line
 31.
File: temi-esame.pdf Graphic file (type pdf)
<use temi-esame.pdf, page 3>
Package pdftex.def Info: temi-esame.pdf , page3 used on input line 31. on input
 line 31.
Package pdftex.def Info: Requested size: 597.51228pt x 845.5552pt on input line
 31.
File: temi-esame.pdf Graphic file (type pdf)
<use temi-esame.pdf, page 3>
Package pdftex.def Info: temi-esame.pdf , page3 used on input line 31. on input
 line 31.
Package pdftex.def Info: Requested size: 597.51228pt x 845.5552pt on input line
 31.
[31 <./temi-esame.pdf>]

pdfTeX warning: /usr/bin/pdflatex (file ./temi-esame.pdf): PDF inclusion: found
 PDF version <1.7>, but at most version <1.5> allowed
<temi-esame.pdf, id=201, page=4, pagebox=cropbox, 597.23125pt x 845.1575pt>
File: temi-esame.pdf Graphic file (type pdf)
<use temi-esame.pdf, page 4>
Package pdftex.def Info: temi-esame.pdf , page4 used on input line 31. on input
 line 31.
Package pdftex.def Info: Requested size: 597.51228pt x 845.5552pt on input line
 31.
File: temi-esame.pdf Graphic file (type pdf)
<use temi-esame.pdf, page 4>
Package pdftex.def Info: temi-esame.pdf , page4 used on input line 31. on input
 line 31.
Package pdftex.def Info: Requested size: 597.51228pt x 845.5552pt on input line
 31.
File: temi-esame.pdf Graphic file (type pdf)
<use temi-esame.pdf, page 4>
Package pdftex.def Info: temi-esame.pdf , page4 used on input line 31. on input
 line 31.
Package pdftex.def Info: Requested size: 597.51228pt x 845.5552pt on input line
 31.
[32 <./temi-esame.pdf>]

pdfTeX warning: /usr/bin/pdflatex (file ./temi-esame.pdf): PDF inclusion: found
 PDF version <1.7>, but at most version <1.5> allowed
<temi-esame.pdf, id=206, page=5, pagebox=cropbox, 597.23125pt x 845.1575pt>
File: temi-esame.pdf Graphic file (type pdf)
<use temi-esame.pdf, page 5>
Package pdftex.def Info: temi-esame.pdf , page5 used on input line 31. on input
 line 31.
Package pdftex.def Info: Requested size: 597.51228pt x 845.5552pt on input line
 31.
File: temi-esame.pdf Graphic file (type pdf)
<use temi-esame.pdf, page 5>
Package pdftex.def Info: temi-esame.pdf , page5 used on input line 31. on input
 line 31.
Package pdftex.def Info: Requested size: 597.51228pt x 845.5552pt on input line
 31.
File: temi-esame.pdf Graphic file (type pdf)
<use temi-esame.pdf, page 5>
Package pdftex.def Info: temi-esame.pdf , page5 used on input line 31. on input
 line 31.
Package pdftex.def Info: Requested size: 597.51228pt x 845.5552pt on input line
 31.
[33 <./temi-esame.pdf>]

pdfTeX warning: /usr/bin/pdflatex (file ./temi-esame.pdf): PDF inclusion: found
 PDF version <1.7>, but at most version <1.5> allowed
<temi-esame.pdf, id=212, page=6, pagebox=cropbox, 614.295pt x 794.97pt>
File: temi-esame.pdf Graphic file (type pdf)
<use temi-esame.pdf, page 6>
Package pdftex.def Info: temi-esame.pdf , page6 used on input line 31. on input
 line 31.
Package pdftex.def Info: Requested size: 614.58406pt x 795.3441pt on input line
 31.
File: temi-esame.pdf Graphic file (type pdf)
<use temi-esame.pdf, page 6>
Package pdftex.def Info: temi-esame.pdf , page6 used on input line 31. on input
 line 31.
Package pdftex.def Info: Requested size: 614.58406pt x 795.3441pt on input line
 31.
File: temi-esame.pdf Graphic file (type pdf)
<use temi-esame.pdf, page 6>
Package pdftex.def Info: temi-esame.pdf , page6 used on input line 31. on input
 line 31.
Package pdftex.def Info: Requested size: 614.58406pt x 795.3441pt on input line
 31.
[34 <./temi-esame.pdf>]

pdfTeX warning: /usr/bin/pdflatex (file ./temi-esame.pdf): PDF inclusion: found
 PDF version <1.7>, but at most version <1.5> allowed
<temi-esame.pdf, id=255, page=7, pagebox=cropbox, 597.23125pt x 845.1575pt>
File: temi-esame.pdf Graphic file (type pdf)
<use temi-esame.pdf, page 7>
Package pdftex.def Info: temi-esame.pdf , page7 used on input line 31. on input
 line 31.
Package pdftex.def Info: Requested size: 597.51228pt x 845.5552pt on input line
 31.
File: temi-esame.pdf Graphic file (type pdf)
<use temi-esame.pdf, page 7>
Package pdftex.def Info: temi-esame.pdf , page7 used on input line 31. on input
 line 31.
Package pdftex.def Info: Requested size: 597.51228pt x 845.5552pt on input line
 31.
File: temi-esame.pdf Graphic file (type pdf)
<use temi-esame.pdf, page 7>
Package pdftex.def Info: temi-esame.pdf , page7 used on input line 31. on input
 line 31.
Package pdftex.def Info: Requested size: 597.51228pt x 845.5552pt on input line
 31.
[35 <./temi-esame.pdf>]

pdfTeX warning: /usr/bin/pdflatex (file ./temi-esame.pdf): PDF inclusion: found
 PDF version <1.7>, but at most version <1.5> allowed
<temi-esame.pdf, id=260, page=8, pagebox=cropbox, 597.23125pt x 845.1575pt>
File: temi-esame.pdf Graphic file (type pdf)
<use temi-esame.pdf, page 8>
Package pdftex.def Info: temi-esame.pdf , page8 used on input line 31. on input
 line 31.
Package pdftex.def Info: Requested size: 597.51228pt x 845.5552pt on input line
 31.
File: temi-esame.pdf Graphic file (type pdf)
<use temi-esame.pdf, page 8>
Package pdftex.def Info: temi-esame.pdf , page8 used on input line 31. on input
 line 31.
Package pdftex.def Info: Requested size: 597.51228pt x 845.5552pt on input line
 31.
File: temi-esame.pdf Graphic file (type pdf)
<use temi-esame.pdf, page 8>
Package pdftex.def Info: temi-esame.pdf , page8 used on input line 31. on input
 line 31.
Package pdftex.def Info: Requested size: 597.51228pt x 845.5552pt on input line
 31.
[36 <./temi-esame.pdf>]

pdfTeX warning: /usr/bin/pdflatex (file ./temi-esame.pdf): PDF inclusion: found
 PDF version <1.7>, but at most version <1.5> allowed
<temi-esame.pdf, id=265, page=9, pagebox=cropbox, 597.23125pt x 845.1575pt>
File: temi-esame.pdf Graphic file (type pdf)
<use temi-esame.pdf, page 9>
Package pdftex.def Info: temi-esame.pdf , page9 used on input line 31. on input
 line 31.
Package pdftex.def Info: Requested size: 597.51228pt x 845.5552pt on input line
 31.
File: temi-esame.pdf Graphic file (type pdf)
<use temi-esame.pdf, page 9>
Package pdftex.def Info: temi-esame.pdf , page9 used on input line 31. on input
 line 31.
Package pdftex.def Info: Requested size: 597.51228pt x 845.5552pt on input line
 31.
File: temi-esame.pdf Graphic file (type pdf)
<use temi-esame.pdf, page 9>
Package pdftex.def Info: temi-esame.pdf , page9 used on input line 31. on input
 line 31.
Package pdftex.def Info: Requested size: 597.51228pt x 845.5552pt on input line
 31.
[37 <./temi-esame.pdf>]

pdfTeX warning: /usr/bin/pdflatex (file ./temi-esame.pdf): PDF inclusion: found
 PDF version <1.7>, but at most version <1.5> allowed
<temi-esame.pdf, id=271, page=10, pagebox=cropbox, 614.295pt x 794.97pt>
File: temi-esame.pdf Graphic file (type pdf)
<use temi-esame.pdf, page 10>
Package pdftex.def Info: temi-esame.pdf , page10 used on input line 31. on inpu
t line 31.
Package pdftex.def Info: Requested size: 614.58406pt x 795.3441pt on input line
 31.
File: temi-esame.pdf Graphic file (type pdf)
<use temi-esame.pdf, page 10>
Package pdftex.def Info: temi-esame.pdf , page10 used on input line 31. on inpu
t line 31.
Package pdftex.def Info: Requested size: 614.58406pt x 795.3441pt on input line
 31.
File: temi-esame.pdf Graphic file (type pdf)
<use temi-esame.pdf, page 10>
Package pdftex.def Info: temi-esame.pdf , page10 used on input line 31. on inpu
t line 31.
Package pdftex.def Info: Requested size: 614.58406pt x 795.3441pt on input line
 31.
[38 <./temi-esame.pdf>]

pdfTeX warning: /usr/bin/pdflatex (file ./temi-esame.pdf): PDF inclusion: found
 PDF version <1.7>, but at most version <1.5> allowed
<temi-esame.pdf, id=319, page=11, pagebox=cropbox, 597.23125pt x 845.1575pt>
File: temi-esame.pdf Graphic file (type pdf)
<use temi-esame.pdf, page 11>
Package pdftex.def Info: temi-esame.pdf , page11 used on input line 31. on inpu
t line 31.
Package pdftex.def Info: Requested size: 597.51228pt x 845.5552pt on input line
 31.
File: temi-esame.pdf Graphic file (type pdf)
<use temi-esame.pdf, page 11>
Package pdftex.def Info: temi-esame.pdf , page11 used on input line 31. on inpu
t line 31.
Package pdftex.def Info: Requested size: 597.51228pt x 845.5552pt on input line
 31.
File: temi-esame.pdf Graphic file (type pdf)
<use temi-esame.pdf, page 11>
Package pdftex.def Info: temi-esame.pdf , page11 used on input line 31. on inpu
t line 31.
Package pdftex.def Info: Requested size: 597.51228pt x 845.5552pt on input line
 31.
[39 <./temi-esame.pdf>]

pdfTeX warning: /usr/bin/pdflatex (file ./temi-esame.pdf): PDF inclusion: found
 PDF version <1.7>, but at most version <1.5> allowed
<temi-esame.pdf, id=324, page=12, pagebox=cropbox, 597.23125pt x 845.1575pt>
File: temi-esame.pdf Graphic file (type pdf)
<use temi-esame.pdf, page 12>
Package pdftex.def Info: temi-esame.pdf , page12 used on input line 31. on inpu
t line 31.
Package pdftex.def Info: Requested size: 597.51228pt x 845.5552pt on input line
 31.
File: temi-esame.pdf Graphic file (type pdf)
<use temi-esame.pdf, page 12>
Package pdftex.def Info: temi-esame.pdf , page12 used on input line 31. on inpu
t line 31.
Package pdftex.def Info: Requested size: 597.51228pt x 845.5552pt on input line
 31.
File: temi-esame.pdf Graphic file (type pdf)
<use temi-esame.pdf, page 12>
Package pdftex.def Info: temi-esame.pdf , page12 used on input line 31. on inpu
t line 31.
Package pdftex.def Info: Requested size: 597.51228pt x 845.5552pt on input line
 31.
[40 <./temi-esame.pdf>]

pdfTeX warning: /usr/bin/pdflatex (file ./temi-esame.pdf): PDF inclusion: found
 PDF version <1.7>, but at most version <1.5> allowed
<temi-esame.pdf, id=329, page=13, pagebox=cropbox, 597.23125pt x 845.1575pt>
File: temi-esame.pdf Graphic file (type pdf)
<use temi-esame.pdf, page 13>
Package pdftex.def Info: temi-esame.pdf , page13 used on input line 31. on inpu
t line 31.
Package pdftex.def Info: Requested size: 597.51228pt x 845.5552pt on input line
 31.
File: temi-esame.pdf Graphic file (type pdf)
<use temi-esame.pdf, page 13>
Package pdftex.def Info: temi-esame.pdf , page13 used on input line 31. on inpu
t line 31.
Package pdftex.def Info: Requested size: 597.51228pt x 845.5552pt on input line
 31.
File: temi-esame.pdf Graphic file (type pdf)
<use temi-esame.pdf, page 13>
Package pdftex.def Info: temi-esame.pdf , page13 used on input line 31. on inpu
t line 31.
Package pdftex.def Info: Requested size: 597.51228pt x 845.5552pt on input line
 31.
[41 <./temi-esame.pdf>]

pdfTeX warning: /usr/bin/pdflatex (file ./temi-esame.pdf): PDF inclusion: found
 PDF version <1.7>, but at most version <1.5> allowed
<temi-esame.pdf, id=334, page=14, pagebox=cropbox, 597.23125pt x 845.1575pt>
File: temi-esame.pdf Graphic file (type pdf)
<use temi-esame.pdf, page 14>
Package pdftex.def Info: temi-esame.pdf , page14 used on input line 31. on inpu
t line 31.
Package pdftex.def Info: Requested size: 597.51228pt x 845.5552pt on input line
 31.
File: temi-esame.pdf Graphic file (type pdf)
<use temi-esame.pdf, page 14>
Package pdftex.def Info: temi-esame.pdf , page14 used on input line 31. on inpu
t line 31.
Package pdftex.def Info: Requested size: 597.51228pt x 845.5552pt on input line
 31.
File: temi-esame.pdf Graphic file (type pdf)
<use temi-esame.pdf, page 14>
Package pdftex.def Info: temi-esame.pdf , page14 used on input line 31. on inpu
t line 31.
Package pdftex.def Info: Requested size: 597.51228pt x 845.5552pt on input line
 31.
[42 <./temi-esame.pdf>]

pdfTeX warning: /usr/bin/pdflatex (file ./temi-esame.pdf): PDF inclusion: found
 PDF version <1.7>, but at most version <1.5> allowed
<temi-esame.pdf, id=339, page=15, pagebox=cropbox, 614.295pt x 794.97pt>
File: temi-esame.pdf Graphic file (type pdf)
<use temi-esame.pdf, page 15>
Package pdftex.def Info: temi-esame.pdf , page15 used on input line 31. on inpu
t line 31.
Package pdftex.def Info: Requested size: 614.58406pt x 795.3441pt on input line
 31.
File: temi-esame.pdf Graphic file (type pdf)
<use temi-esame.pdf, page 15>
Package pdftex.def Info: temi-esame.pdf , page15 used on input line 31. on inpu
t line 31.
Package pdftex.def Info: Requested size: 614.58406pt x 795.3441pt on input line
 31.
File: temi-esame.pdf Graphic file (type pdf)
<use temi-esame.pdf, page 15>
Package pdftex.def Info: temi-esame.pdf , page15 used on input line 31. on inpu
t line 31.
Package pdftex.def Info: Requested size: 614.58406pt x 795.3441pt on input line
 31.
[43 <./temi-esame.pdf>]

pdfTeX warning: /usr/bin/pdflatex (file ./temi-esame.pdf): PDF inclusion: found
 PDF version <1.7>, but at most version <1.5> allowed
<temi-esame.pdf, id=400, page=16, pagebox=cropbox, 597.23125pt x 845.1575pt>
File: temi-esame.pdf Graphic file (type pdf)
<use temi-esame.pdf, page 16>
Package pdftex.def Info: temi-esame.pdf , page16 used on input line 31. on inpu
t line 31.
Package pdftex.def Info: Requested size: 597.51228pt x 845.5552pt on input line
 31.
File: temi-esame.pdf Graphic file (type pdf)
<use temi-esame.pdf, page 16>
Package pdftex.def Info: temi-esame.pdf , page16 used on input line 31. on inpu
t line 31.
Package pdftex.def Info: Requested size: 597.51228pt x 845.5552pt on input line
 31.
File: temi-esame.pdf Graphic file (type pdf)
<use temi-esame.pdf, page 16>
Package pdftex.def Info: temi-esame.pdf , page16 used on input line 31. on inpu
t line 31.
Package pdftex.def Info: Requested size: 597.51228pt x 845.5552pt on input line
 31.
[44 <./temi-esame.pdf>]

pdfTeX warning: /usr/bin/pdflatex (file ./temi-esame.pdf): PDF inclusion: found
 PDF version <1.7>, but at most version <1.5> allowed
<temi-esame.pdf, id=405, page=17, pagebox=cropbox, 597.23125pt x 845.1575pt>
File: temi-esame.pdf Graphic file (type pdf)
<use temi-esame.pdf, page 17>
Package pdftex.def Info: temi-esame.pdf , page17 used on input line 31. on inpu
t line 31.
Package pdftex.def Info: Requested size: 597.51228pt x 845.5552pt on input line
 31.
File: temi-esame.pdf Graphic file (type pdf)
<use temi-esame.pdf, page 17>
Package pdftex.def Info: temi-esame.pdf , page17 used on input line 31. on inpu
t line 31.
Package pdftex.def Info: Requested size: 597.51228pt x 845.5552pt on input line
 31.
File: temi-esame.pdf Graphic file (type pdf)
<use temi-esame.pdf, page 17>
Package pdftex.def Info: temi-esame.pdf , page17 used on input line 31. on inpu
t line 31.
Package pdftex.def Info: Requested size: 597.51228pt x 845.5552pt on input line
 31.
[45 <./temi-esame.pdf>]

pdfTeX warning: /usr/bin/pdflatex (file ./temi-esame.pdf): PDF inclusion: found
 PDF version <1.7>, but at most version <1.5> allowed
<temi-esame.pdf, id=410, page=18, pagebox=cropbox, 597.23125pt x 845.1575pt>
File: temi-esame.pdf Graphic file (type pdf)
<use temi-esame.pdf, page 18>
Package pdftex.def Info: temi-esame.pdf , page18 used on input line 31. on inpu
t line 31.
Package pdftex.def Info: Requested size: 597.51228pt x 845.5552pt on input line
 31.
File: temi-esame.pdf Graphic file (type pdf)
<use temi-esame.pdf, page 18>
Package pdftex.def Info: temi-esame.pdf , page18 used on input line 31. on inpu
t line 31.
Package pdftex.def Info: Requested size: 597.51228pt x 845.5552pt on input line
 31.
File: temi-esame.pdf Graphic file (type pdf)
<use temi-esame.pdf, page 18>
Package pdftex.def Info: temi-esame.pdf , page18 used on input line 31. on inpu
t line 31.
Package pdftex.def Info: Requested size: 597.51228pt x 845.5552pt on input line
 31.
[46 <./temi-esame.pdf>]

pdfTeX warning: /usr/bin/pdflatex (file ./temi-esame.pdf): PDF inclusion: found
 PDF version <1.7>, but at most version <1.5> allowed
<temi-esame.pdf, id=415, page=19, pagebox=cropbox, 614.295pt x 794.97pt>
File: temi-esame.pdf Graphic file (type pdf)
<use temi-esame.pdf, page 19>
Package pdftex.def Info: temi-esame.pdf , page19 used on input line 31. on inpu
t line 31.
Package pdftex.def Info: Requested size: 614.58406pt x 795.3441pt on input line
 31.
File: temi-esame.pdf Graphic file (type pdf)
<use temi-esame.pdf, page 19>
Package pdftex.def Info: temi-esame.pdf , page19 used on input line 31. on inpu
t line 31.
Package pdftex.def Info: Requested size: 614.58406pt x 795.3441pt on input line
 31.
File: temi-esame.pdf Graphic file (type pdf)
<use temi-esame.pdf, page 19>
Package pdftex.def Info: temi-esame.pdf , page19 used on input line 31. on inpu
t line 31.
Package pdftex.def Info: Requested size: 614.58406pt x 795.3441pt on input line
 31.
[47 <./temi-esame.pdf>]

pdfTeX warning: /usr/bin/pdflatex (file ./temi-esame.pdf): PDF inclusion: found
 PDF version <1.7>, but at most version <1.5> allowed
<temi-esame.pdf, id=468, page=20, pagebox=cropbox, 597.23125pt x 845.1575pt>
File: temi-esame.pdf Graphic file (type pdf)
<use temi-esame.pdf, page 20>
Package pdftex.def Info: temi-esame.pdf , page20 used on input line 31. on inpu
t line 31.
Package pdftex.def Info: Requested size: 597.51228pt x 845.5552pt on input line
 31.
File: temi-esame.pdf Graphic file (type pdf)
<use temi-esame.pdf, page 20>
Package pdftex.def Info: temi-esame.pdf , page20 used on input line 31. on inpu
t line 31.
Package pdftex.def Info: Requested size: 597.51228pt x 845.5552pt on input line
 31.
File: temi-esame.pdf Graphic file (type pdf)
<use temi-esame.pdf, page 20>
Package pdftex.def Info: temi-esame.pdf , page20 used on input line 31. on inpu
t line 31.
Package pdftex.def Info: Requested size: 597.51228pt x 845.5552pt on input line
 31.
[48 <./temi-esame.pdf>]

pdfTeX warning: /usr/bin/pdflatex (file ./temi-esame.pdf): PDF inclusion: found
 PDF version <1.7>, but at most version <1.5> allowed
<temi-esame.pdf, id=473, page=21, pagebox=cropbox, 597.23125pt x 845.1575pt>
File: temi-esame.pdf Graphic file (type pdf)
<use temi-esame.pdf, page 21>
Package pdftex.def Info: temi-esame.pdf , page21 used on input line 31. on inpu
t line 31.
Package pdftex.def Info: Requested size: 597.51228pt x 845.5552pt on input line
 31.
File: temi-esame.pdf Graphic file (type pdf)
<use temi-esame.pdf, page 21>
Package pdftex.def Info: temi-esame.pdf , page21 used on input line 31. on inpu
t line 31.
Package pdftex.def Info: Requested size: 597.51228pt x 845.5552pt on input line
 31.
File: temi-esame.pdf Graphic file (type pdf)
<use temi-esame.pdf, page 21>
Package pdftex.def Info: temi-esame.pdf , page21 used on input line 31. on inpu
t line 31.
Package pdftex.def Info: Requested size: 597.51228pt x 845.5552pt on input line
 31.
[49 <./temi-esame.pdf>]

pdfTeX warning: /usr/bin/pdflatex (file ./temi-esame.pdf): PDF inclusion: found
 PDF version <1.7>, but at most version <1.5> allowed
<temi-esame.pdf, id=479, page=22, pagebox=cropbox, 597.23125pt x 845.1575pt>
File: temi-esame.pdf Graphic file (type pdf)
<use temi-esame.pdf, page 22>
Package pdftex.def Info: temi-esame.pdf , page22 used on input line 31. on inpu
t line 31.
Package pdftex.def Info: Requested size: 597.51228pt x 845.5552pt on input line
 31.
File: temi-esame.pdf Graphic file (type pdf)
<use temi-esame.pdf, page 22>
Package pdftex.def Info: temi-esame.pdf , page22 used on input line 31. on inpu
t line 31.
Package pdftex.def Info: Requested size: 597.51228pt x 845.5552pt on input line
 31.
File: temi-esame.pdf Graphic file (type pdf)
<use temi-esame.pdf, page 22>
Package pdftex.def Info: temi-esame.pdf , page22 used on input line 31. on inpu
t line 31.
Package pdftex.def Info: Requested size: 597.51228pt x 845.5552pt on input line
 31.
[50 <./temi-esame.pdf>]

pdfTeX warning: /usr/bin/pdflatex (file ./temi-esame.pdf): PDF inclusion: found
 PDF version <1.7>, but at most version <1.5> allowed
<temi-esame.pdf, id=484, page=23, pagebox=cropbox, 597.23125pt x 845.1575pt>
File: temi-esame.pdf Graphic file (type pdf)
<use temi-esame.pdf, page 23>
Package pdftex.def Info: temi-esame.pdf , page23 used on input line 31. on inpu
t line 31.
Package pdftex.def Info: Requested size: 597.51228pt x 845.5552pt on input line
 31.
File: temi-esame.pdf Graphic file (type pdf)
<use temi-esame.pdf, page 23>
Package pdftex.def Info: temi-esame.pdf , page23 used on input line 31. on inpu
t line 31.
Package pdftex.def Info: Requested size: 597.51228pt x 845.5552pt on input line
 31.
File: temi-esame.pdf Graphic file (type pdf)
<use temi-esame.pdf, page 23>
Package pdftex.def Info: temi-esame.pdf , page23 used on input line 31. on inpu
t line 31.
Package pdftex.def Info: Requested size: 597.51228pt x 845.5552pt on input line
 31.
[51 <./temi-esame.pdf>]

pdfTeX warning: /usr/bin/pdflatex (file ./temi-esame.pdf): PDF inclusion: found
 PDF version <1.7>, but at most version <1.5> allowed
<temi-esame.pdf, id=489, page=24, pagebox=cropbox, 614.295pt x 794.97pt>
File: temi-esame.pdf Graphic file (type pdf)
<use temi-esame.pdf, page 24>
Package pdftex.def Info: temi-esame.pdf , page24 used on input line 31. on inpu
t line 31.
Package pdftex.def Info: Requested size: 614.58406pt x 795.3441pt on input line
 31.
File: temi-esame.pdf Graphic file (type pdf)
<use temi-esame.pdf, page 24>
Package pdftex.def Info: temi-esame.pdf , page24 used on input line 31. on inpu
t line 31.
Package pdftex.def Info: Requested size: 614.58406pt x 795.3441pt on input line
 31.
File: temi-esame.pdf Graphic file (type pdf)
<use temi-esame.pdf, page 24>
Package pdftex.def Info: temi-esame.pdf , page24 used on input line 31. on inpu
t line 31.
Package pdftex.def Info: Requested size: 614.58406pt x 795.3441pt on input line
 31.
[52 <./temi-esame.pdf>]

pdfTeX warning: /usr/bin/pdflatex (file ./temi-esame.pdf): PDF inclusion: found
 PDF version <1.7>, but at most version <1.5> allowed
<temi-esame.pdf, id=524, page=25, pagebox=cropbox, 597.23125pt x 845.1575pt>
File: temi-esame.pdf Graphic file (type pdf)
<use temi-esame.pdf, page 25>
Package pdftex.def Info: temi-esame.pdf , page25 used on input line 31. on inpu
t line 31.
Package pdftex.def Info: Requested size: 597.51228pt x 845.5552pt on input line
 31.
File: temi-esame.pdf Graphic file (type pdf)
<use temi-esame.pdf, page 25>
Package pdftex.def Info: temi-esame.pdf , page25 used on input line 31. on inpu
t line 31.
Package pdftex.def Info: Requested size: 597.51228pt x 845.5552pt on input line
 31.
File: temi-esame.pdf Graphic file (type pdf)
<use temi-esame.pdf, page 25>
Package pdftex.def Info: temi-esame.pdf , page25 used on input line 31. on inpu
t line 31.
Package pdftex.def Info: Requested size: 597.51228pt x 845.5552pt on input line
 31.
[53 <./temi-esame.pdf>]

pdfTeX warning: /usr/bin/pdflatex (file ./temi-esame.pdf): PDF inclusion: found
 PDF version <1.7>, but at most version <1.5> allowed
<temi-esame.pdf, id=529, page=26, pagebox=cropbox, 597.23125pt x 845.1575pt>
File: temi-esame.pdf Graphic file (type pdf)
<use temi-esame.pdf, page 26>
Package pdftex.def Info: temi-esame.pdf , page26 used on input line 31. on inpu
t line 31.
Package pdftex.def Info: Requested size: 597.51228pt x 845.5552pt on input line
 31.
File: temi-esame.pdf Graphic file (type pdf)
<use temi-esame.pdf, page 26>
Package pdftex.def Info: temi-esame.pdf , page26 used on input line 31. on inpu
t line 31.
Package pdftex.def Info: Requested size: 597.51228pt x 845.5552pt on input line
 31.
File: temi-esame.pdf Graphic file (type pdf)
<use temi-esame.pdf, page 26>
Package pdftex.def Info: temi-esame.pdf , page26 used on input line 31. on inpu
t line 31.
Package pdftex.def Info: Requested size: 597.51228pt x 845.5552pt on input line
 31.
[54 <./temi-esame.pdf>]

pdfTeX warning: /usr/bin/pdflatex (file ./temi-esame.pdf): PDF inclusion: found
 PDF version <1.7>, but at most version <1.5> allowed
<temi-esame.pdf, id=534, page=27, pagebox=cropbox, 597.23125pt x 845.1575pt>
File: temi-esame.pdf Graphic file (type pdf)
<use temi-esame.pdf, page 27>
Package pdftex.def Info: temi-esame.pdf , page27 used on input line 31. on inpu
t line 31.
Package pdftex.def Info: Requested size: 597.51228pt x 845.5552pt on input line
 31.
File: temi-esame.pdf Graphic file (type pdf)
<use temi-esame.pdf, page 27>
Package pdftex.def Info: temi-esame.pdf , page27 used on input line 31. on inpu
t line 31.
Package pdftex.def Info: Requested size: 597.51228pt x 845.5552pt on input line
 31.
File: temi-esame.pdf Graphic file (type pdf)
<use temi-esame.pdf, page 27>
Package pdftex.def Info: temi-esame.pdf , page27 used on input line 31. on inpu
t line 31.
Package pdftex.def Info: Requested size: 597.51228pt x 845.5552pt on input line
 31.
[55 <./temi-esame.pdf>]

pdfTeX warning: /usr/bin/pdflatex (file ./temi-esame.pdf): PDF inclusion: found
 PDF version <1.7>, but at most version <1.5> allowed
<temi-esame.pdf, id=540, page=28, pagebox=cropbox, 614.295pt x 794.97pt>
File: temi-esame.pdf Graphic file (type pdf)
<use temi-esame.pdf, page 28>
Package pdftex.def Info: temi-esame.pdf , page28 used on input line 31. on inpu
t line 31.
Package pdftex.def Info: Requested size: 614.58406pt x 795.3441pt on input line
 31.
File: temi-esame.pdf Graphic file (type pdf)
<use temi-esame.pdf, page 28>
Package pdftex.def Info: temi-esame.pdf , page28 used on input line 31. on inpu
t line 31.
Package pdftex.def Info: Requested size: 614.58406pt x 795.3441pt on input line
 31.
File: temi-esame.pdf Graphic file (type pdf)
<use temi-esame.pdf, page 28>
Package pdftex.def Info: temi-esame.pdf , page28 used on input line 31. on inpu
t line 31.
Package pdftex.def Info: Requested size: 614.58406pt x 795.3441pt on input line
 31.
[56 <./temi-esame.pdf>]

pdfTeX warning: /usr/bin/pdflatex (file ./temi-esame.pdf): PDF inclusion: found
 PDF version <1.7>, but at most version <1.5> allowed
<temi-esame.pdf, id=587, page=29, pagebox=cropbox, 597.23125pt x 845.1575pt>
File: temi-esame.pdf Graphic file (type pdf)
<use temi-esame.pdf, page 29>
Package pdftex.def Info: temi-esame.pdf , page29 used on input line 31. on inpu
t line 31.
Package pdftex.def Info: Requested size: 597.51228pt x 845.5552pt on input line
 31.
File: temi-esame.pdf Graphic file (type pdf)
<use temi-esame.pdf, page 29>
Package pdftex.def Info: temi-esame.pdf , page29 used on input line 31. on inpu
t line 31.
Package pdftex.def Info: Requested size: 597.51228pt x 845.5552pt on input line
 31.
File: temi-esame.pdf Graphic file (type pdf)
<use temi-esame.pdf, page 29>
Package pdftex.def Info: temi-esame.pdf , page29 used on input line 31. on inpu
t line 31.
Package pdftex.def Info: Requested size: 597.51228pt x 845.5552pt on input line
 31.
[57 <./temi-esame.pdf>]

pdfTeX warning: /usr/bin/pdflatex (file ./temi-esame.pdf): PDF inclusion: found
 PDF version <1.7>, but at most version <1.5> allowed
<temi-esame.pdf, id=592, page=30, pagebox=cropbox, 597.23125pt x 845.1575pt>
File: temi-esame.pdf Graphic file (type pdf)
<use temi-esame.pdf, page 30>
Package pdftex.def Info: temi-esame.pdf , page30 used on input line 31. on inpu
t line 31.
Package pdftex.def Info: Requested size: 597.51228pt x 845.5552pt on input line
 31.
File: temi-esame.pdf Graphic file (type pdf)
<use temi-esame.pdf, page 30>
Package pdftex.def Info: temi-esame.pdf , page30 used on input line 31. on inpu
t line 31.
Package pdftex.def Info: Requested size: 597.51228pt x 845.5552pt on input line
 31.
File: temi-esame.pdf Graphic file (type pdf)
<use temi-esame.pdf, page 30>
Package pdftex.def Info: temi-esame.pdf , page30 used on input line 31. on inpu
t line 31.
Package pdftex.def Info: Requested size: 597.51228pt x 845.5552pt on input line
 31.
[58 <./temi-esame.pdf>]

pdfTeX warning: /usr/bin/pdflatex (file ./temi-esame.pdf): PDF inclusion: found
 PDF version <1.7>, but at most version <1.5> allowed
<temi-esame.pdf, id=597, page=31, pagebox=cropbox, 597.23125pt x 845.1575pt>
File: temi-esame.pdf Graphic file (type pdf)
<use temi-esame.pdf, page 31>
Package pdftex.def Info: temi-esame.pdf , page31 used on input line 31. on inpu
t line 31.
Package pdftex.def Info: Requested size: 597.51228pt x 845.5552pt on input line
 31.
File: temi-esame.pdf Graphic file (type pdf)
<use temi-esame.pdf, page 31>
Package pdftex.def Info: temi-esame.pdf , page31 used on input line 31. on inpu
t line 31.
Package pdftex.def Info: Requested size: 597.51228pt x 845.5552pt on input line
 31.
File: temi-esame.pdf Graphic file (type pdf)
<use temi-esame.pdf, page 31>
Package pdftex.def Info: temi-esame.pdf , page31 used on input line 31. on inpu
t line 31.
Package pdftex.def Info: Requested size: 597.51228pt x 845.5552pt on input line
 31.
[59 <./temi-esame.pdf>]

pdfTeX warning: /usr/bin/pdflatex (file ./temi-esame.pdf): PDF inclusion: found
 PDF version <1.7>, but at most version <1.5> allowed
<temi-esame.pdf, id=602, page=32, pagebox=cropbox, 597.23125pt x 845.1575pt>
File: temi-esame.pdf Graphic file (type pdf)
<use temi-esame.pdf, page 32>
Package pdftex.def Info: temi-esame.pdf , page32 used on input line 31. on inpu
t line 31.
Package pdftex.def Info: Requested size: 597.51228pt x 845.5552pt on input line
 31.
File: temi-esame.pdf Graphic file (type pdf)
<use temi-esame.pdf, page 32>
Package pdftex.def Info: temi-esame.pdf , page32 used on input line 31. on inpu
t line 31.
Package pdftex.def Info: Requested size: 597.51228pt x 845.5552pt on input line
 31.
File: temi-esame.pdf Graphic file (type pdf)
<use temi-esame.pdf, page 32>
Package pdftex.def Info: temi-esame.pdf , page32 used on input line 31. on inpu
t line 31.
Package pdftex.def Info: Requested size: 597.51228pt x 845.5552pt on input line
 31.
[60 <./temi-esame.pdf>]

pdfTeX warning: /usr/bin/pdflatex (file ./temi-esame.pdf): PDF inclusion: found
 PDF version <1.7>, but at most version <1.5> allowed
<temi-esame.pdf, id=607, page=33, pagebox=cropbox, 614.295pt x 794.97pt>
File: temi-esame.pdf Graphic file (type pdf)
<use temi-esame.pdf, page 33>
Package pdftex.def Info: temi-esame.pdf , page33 used on input line 31. on inpu
t line 31.
Package pdftex.def Info: Requested size: 614.58406pt x 795.3441pt on input line
 31.
File: temi-esame.pdf Graphic file (type pdf)
<use temi-esame.pdf, page 33>
Package pdftex.def Info: temi-esame.pdf , page33 used on input line 31. on inpu
t line 31.
Package pdftex.def Info: Requested size: 614.58406pt x 795.3441pt on input line
 31.
File: temi-esame.pdf Graphic file (type pdf)
<use temi-esame.pdf, page 33>
Package pdftex.def Info: temi-esame.pdf , page33 used on input line 31. on inpu
t line 31.
Package pdftex.def Info: Requested size: 614.58406pt x 795.3441pt on input line
 31.
[61 <./temi-esame.pdf>]

pdfTeX warning: /usr/bin/pdflatex (file ./temi-esame.pdf): PDF inclusion: found
 PDF version <1.7>, but at most version <1.5> allowed
<temi-esame.pdf, id=649, page=34, pagebox=cropbox, 597.23125pt x 845.1575pt>
File: temi-esame.pdf Graphic file (type pdf)
<use temi-esame.pdf, page 34>
Package pdftex.def Info: temi-esame.pdf , page34 used on input line 31. on inpu
t line 31.
Package pdftex.def Info: Requested size: 597.51228pt x 845.5552pt on input line
 31.
File: temi-esame.pdf Graphic file (type pdf)
<use temi-esame.pdf, page 34>
Package pdftex.def Info: temi-esame.pdf , page34 used on input line 31. on inpu
t line 31.
Package pdftex.def Info: Requested size: 597.51228pt x 845.5552pt on input line
 31.
File: temi-esame.pdf Graphic file (type pdf)
<use temi-esame.pdf, page 34>
Package pdftex.def Info: temi-esame.pdf , page34 used on input line 31. on inpu
t line 31.
Package pdftex.def Info: Requested size: 597.51228pt x 845.5552pt on input line
 31.
[62 <./temi-esame.pdf>]

pdfTeX warning: /usr/bin/pdflatex (file ./temi-esame.pdf): PDF inclusion: found
 PDF version <1.7>, but at most version <1.5> allowed
<temi-esame.pdf, id=654, page=35, pagebox=cropbox, 597.23125pt x 845.1575pt>
File: temi-esame.pdf Graphic file (type pdf)
<use temi-esame.pdf, page 35>
Package pdftex.def Info: temi-esame.pdf , page35 used on input line 31. on inpu
t line 31.
Package pdftex.def Info: Requested size: 597.51228pt x 845.5552pt on input line
 31.
File: temi-esame.pdf Graphic file (type pdf)
<use temi-esame.pdf, page 35>
Package pdftex.def Info: temi-esame.pdf , page35 used on input line 31. on inpu
t line 31.
Package pdftex.def Info: Requested size: 597.51228pt x 845.5552pt on input line
 31.
File: temi-esame.pdf Graphic file (type pdf)
<use temi-esame.pdf, page 35>
Package pdftex.def Info: temi-esame.pdf , page35 used on input line 31. on inpu
t line 31.
Package pdftex.def Info: Requested size: 597.51228pt x 845.5552pt on input line
 31.
[63 <./temi-esame.pdf>]

pdfTeX warning: /usr/bin/pdflatex (file ./temi-esame.pdf): PDF inclusion: found
 PDF version <1.7>, but at most version <1.5> allowed
<temi-esame.pdf, id=659, page=36, pagebox=cropbox, 597.23125pt x 845.1575pt>
File: temi-esame.pdf Graphic file (type pdf)
<use temi-esame.pdf, page 36>
Package pdftex.def Info: temi-esame.pdf , page36 used on input line 31. on inpu
t line 31.
Package pdftex.def Info: Requested size: 597.51228pt x 845.5552pt on input line
 31.
File: temi-esame.pdf Graphic file (type pdf)
<use temi-esame.pdf, page 36>
Package pdftex.def Info: temi-esame.pdf , page36 used on input line 31. on inpu
t line 31.
Package pdftex.def Info: Requested size: 597.51228pt x 845.5552pt on input line
 31.
File: temi-esame.pdf Graphic file (type pdf)
<use temi-esame.pdf, page 36>
Package pdftex.def Info: temi-esame.pdf , page36 used on input line 31. on inpu
t line 31.
Package pdftex.def Info: Requested size: 597.51228pt x 845.5552pt on input line
 31.
[64 <./temi-esame.pdf>]

pdfTeX warning: /usr/bin/pdflatex (file ./temi-esame.pdf): PDF inclusion: found
 PDF version <1.7>, but at most version <1.5> allowed
<temi-esame.pdf, id=664, page=37, pagebox=cropbox, 597.23125pt x 845.1575pt>
File: temi-esame.pdf Graphic file (type pdf)
<use temi-esame.pdf, page 37>
Package pdftex.def Info: temi-esame.pdf , page37 used on input line 31. on inpu
t line 31.
Package pdftex.def Info: Requested size: 597.51228pt x 845.5552pt on input line
 31.
File: temi-esame.pdf Graphic file (type pdf)
<use temi-esame.pdf, page 37>
Package pdftex.def Info: temi-esame.pdf , page37 used on input line 31. on inpu
t line 31.
Package pdftex.def Info: Requested size: 597.51228pt x 845.5552pt on input line
 31.
File: temi-esame.pdf Graphic file (type pdf)
<use temi-esame.pdf, page 37>
Package pdftex.def Info: temi-esame.pdf , page37 used on input line 31. on inpu
t line 31.
Package pdftex.def Info: Requested size: 597.51228pt x 845.5552pt on input line
 31.
[65 <./temi-esame.pdf>]

pdfTeX warning: /usr/bin/pdflatex (file ./temi-esame.pdf): PDF inclusion: found
 PDF version <1.7>, but at most version <1.5> allowed
<temi-esame.pdf, id=669, page=38, pagebox=cropbox, 614.295pt x 794.97pt>
File: temi-esame.pdf Graphic file (type pdf)
<use temi-esame.pdf, page 38>
Package pdftex.def Info: temi-esame.pdf , page38 used on input line 31. on inpu
t line 31.
Package pdftex.def Info: Requested size: 614.58406pt x 795.3441pt on input line
 31.
File: temi-esame.pdf Graphic file (type pdf)
<use temi-esame.pdf, page 38>
Package pdftex.def Info: temi-esame.pdf , page38 used on input line 31. on inpu
t line 31.
Package pdftex.def Info: Requested size: 614.58406pt x 795.3441pt on input line
 31.
File: temi-esame.pdf Graphic file (type pdf)
<use temi-esame.pdf, page 38>
Package pdftex.def Info: temi-esame.pdf , page38 used on input line 31. on inpu
t line 31.
Package pdftex.def Info: Requested size: 614.58406pt x 795.3441pt on input line
 31.
[66 <./temi-esame.pdf>]

pdfTeX warning: /usr/bin/pdflatex (file ./temi-esame.pdf): PDF inclusion: found
 PDF version <1.7>, but at most version <1.5> allowed
<temi-esame.pdf, id=709, page=39, pagebox=cropbox, 597.23125pt x 845.1575pt>
File: temi-esame.pdf Graphic file (type pdf)
<use temi-esame.pdf, page 39>
Package pdftex.def Info: temi-esame.pdf , page39 used on input line 31. on inpu
t line 31.
Package pdftex.def Info: Requested size: 597.51228pt x 845.5552pt on input line
 31.
File: temi-esame.pdf Graphic file (type pdf)
<use temi-esame.pdf, page 39>
Package pdftex.def Info: temi-esame.pdf , page39 used on input line 31. on inpu
t line 31.
Package pdftex.def Info: Requested size: 597.51228pt x 845.5552pt on input line
 31.
File: temi-esame.pdf Graphic file (type pdf)
<use temi-esame.pdf, page 39>
Package pdftex.def Info: temi-esame.pdf , page39 used on input line 31. on inpu
t line 31.
Package pdftex.def Info: Requested size: 597.51228pt x 845.5552pt on input line
 31.
[67 <./temi-esame.pdf>]

pdfTeX warning: /usr/bin/pdflatex (file ./temi-esame.pdf): PDF inclusion: found
 PDF version <1.7>, but at most version <1.5> allowed
<temi-esame.pdf, id=715, page=40, pagebox=cropbox, 597.23125pt x 845.1575pt>
File: temi-esame.pdf Graphic file (type pdf)
<use temi-esame.pdf, page 40>
Package pdftex.def Info: temi-esame.pdf , page40 used on input line 31. on inpu
t line 31.
Package pdftex.def Info: Requested size: 597.51228pt x 845.5552pt on input line
 31.
File: temi-esame.pdf Graphic file (type pdf)
<use temi-esame.pdf, page 40>
Package pdftex.def Info: temi-esame.pdf , page40 used on input line 31. on inpu
t line 31.
Package pdftex.def Info: Requested size: 597.51228pt x 845.5552pt on input line
 31.
File: temi-esame.pdf Graphic file (type pdf)
<use temi-esame.pdf, page 40>
Package pdftex.def Info: temi-esame.pdf , page40 used on input line 31. on inpu
t line 31.
Package pdftex.def Info: Requested size: 597.51228pt x 845.5552pt on input line
 31.
[68 <./temi-esame.pdf>]

pdfTeX warning: /usr/bin/pdflatex (file ./temi-esame.pdf): PDF inclusion: found
 PDF version <1.7>, but at most version <1.5> allowed
<temi-esame.pdf, id=720, page=41, pagebox=cropbox, 597.23125pt x 845.1575pt>
File: temi-esame.pdf Graphic file (type pdf)
<use temi-esame.pdf, page 41>
Package pdftex.def Info: temi-esame.pdf , page41 used on input line 31. on inpu
t line 31.
Package pdftex.def Info: Requested size: 597.51228pt x 845.5552pt on input line
 31.
File: temi-esame.pdf Graphic file (type pdf)
<use temi-esame.pdf, page 41>
Package pdftex.def Info: temi-esame.pdf , page41 used on input line 31. on inpu
t line 31.
Package pdftex.def Info: Requested size: 597.51228pt x 845.5552pt on input line
 31.
File: temi-esame.pdf Graphic file (type pdf)
<use temi-esame.pdf, page 41>
Package pdftex.def Info: temi-esame.pdf , page41 used on input line 31. on inpu
t line 31.
Package pdftex.def Info: Requested size: 597.51228pt x 845.5552pt on input line
 31.
[69 <./temi-esame.pdf>]

pdfTeX warning: /usr/bin/pdflatex (file ./temi-esame.pdf): PDF inclusion: found
 PDF version <1.7>, but at most version <1.5> allowed
<temi-esame.pdf, id=725, page=42, pagebox=cropbox, 597.23125pt x 845.1575pt>
File: temi-esame.pdf Graphic file (type pdf)
<use temi-esame.pdf, page 42>
Package pdftex.def Info: temi-esame.pdf , page42 used on input line 31. on inpu
t line 31.
Package pdftex.def Info: Requested size: 597.51228pt x 845.5552pt on input line
 31.
File: temi-esame.pdf Graphic file (type pdf)
<use temi-esame.pdf, page 42>
Package pdftex.def Info: temi-esame.pdf , page42 used on input line 31. on inpu
t line 31.
Package pdftex.def Info: Requested size: 597.51228pt x 845.5552pt on input line
 31.
File: temi-esame.pdf Graphic file (type pdf)
<use temi-esame.pdf, page 42>
Package pdftex.def Info: temi-esame.pdf , page42 used on input line 31. on inpu
t line 31.
Package pdftex.def Info: Requested size: 597.51228pt x 845.5552pt on input line
 31.
[70 <./temi-esame.pdf>]

pdfTeX warning: /usr/bin/pdflatex (file ./temi-esame.pdf): PDF inclusion: found
 PDF version <1.7>, but at most version <1.5> allowed
<temi-esame.pdf, id=730, page=43, pagebox=cropbox, 614.295pt x 794.97pt>
File: temi-esame.pdf Graphic file (type pdf)
<use temi-esame.pdf, page 43>
Package pdftex.def Info: temi-esame.pdf , page43 used on input line 31. on inpu
t line 31.
Package pdftex.def Info: Requested size: 614.58406pt x 795.3441pt on input line
 31.
File: temi-esame.pdf Graphic file (type pdf)
<use temi-esame.pdf, page 43>
Package pdftex.def Info: temi-esame.pdf , page43 used on input line 31. on inpu
t line 31.
Package pdftex.def Info: Requested size: 614.58406pt x 795.3441pt on input line
 31.
File: temi-esame.pdf Graphic file (type pdf)
<use temi-esame.pdf, page 43>
Package pdftex.def Info: temi-esame.pdf , page43 used on input line 31. on inpu
t line 31.
Package pdftex.def Info: Requested size: 614.58406pt x 795.3441pt on input line
 31.
[71 <./temi-esame.pdf>]

pdfTeX warning: /usr/bin/pdflatex (file ./temi-esame.pdf): PDF inclusion: found
 PDF version <1.7>, but at most version <1.5> allowed
<temi-esame.pdf, id=770, page=44, pagebox=cropbox, 597.23125pt x 845.1575pt>
File: temi-esame.pdf Graphic file (type pdf)
<use temi-esame.pdf, page 44>
Package pdftex.def Info: temi-esame.pdf , page44 used on input line 31. on inpu
t line 31.
Package pdftex.def Info: Requested size: 597.51228pt x 845.5552pt on input line
 31.
File: temi-esame.pdf Graphic file (type pdf)
<use temi-esame.pdf, page 44>
Package pdftex.def Info: temi-esame.pdf , page44 used on input line 31. on inpu
t line 31.
Package pdftex.def Info: Requested size: 597.51228pt x 845.5552pt on input line
 31.
File: temi-esame.pdf Graphic file (type pdf)
<use temi-esame.pdf, page 44>
Package pdftex.def Info: temi-esame.pdf , page44 used on input line 31. on inpu
t line 31.
Package pdftex.def Info: Requested size: 597.51228pt x 845.5552pt on input line
 31.
[72 <./temi-esame.pdf>]

pdfTeX warning: /usr/bin/pdflatex (file ./temi-esame.pdf): PDF inclusion: found
 PDF version <1.7>, but at most version <1.5> allowed
<temi-esame.pdf, id=775, page=45, pagebox=cropbox, 597.23125pt x 845.1575pt>
File: temi-esame.pdf Graphic file (type pdf)
<use temi-esame.pdf, page 45>
Package pdftex.def Info: temi-esame.pdf , page45 used on input line 31. on inpu
t line 31.
Package pdftex.def Info: Requested size: 597.51228pt x 845.5552pt on input line
 31.
File: temi-esame.pdf Graphic file (type pdf)
<use temi-esame.pdf, page 45>
Package pdftex.def Info: temi-esame.pdf , page45 used on input line 31. on inpu
t line 31.
Package pdftex.def Info: Requested size: 597.51228pt x 845.5552pt on input line
 31.
File: temi-esame.pdf Graphic file (type pdf)
<use temi-esame.pdf, page 45>
Package pdftex.def Info: temi-esame.pdf , page45 used on input line 31. on inpu
t line 31.
Package pdftex.def Info: Requested size: 597.51228pt x 845.5552pt on input line
 31.
[73 <./temi-esame.pdf>]

pdfTeX warning: /usr/bin/pdflatex (file ./temi-esame.pdf): PDF inclusion: found
 PDF version <1.7>, but at most version <1.5> allowed
<temi-esame.pdf, id=781, page=46, pagebox=cropbox, 597.23125pt x 845.1575pt>
File: temi-esame.pdf Graphic file (type pdf)
<use temi-esame.pdf, page 46>
Package pdftex.def Info: temi-esame.pdf , page46 used on input line 31. on inpu
t line 31.
Package pdftex.def Info: Requested size: 597.51228pt x 845.5552pt on input line
 31.
File: temi-esame.pdf Graphic file (type pdf)
<use temi-esame.pdf, page 46>
Package pdftex.def Info: temi-esame.pdf , page46 used on input line 31. on inpu
t line 31.
Package pdftex.def Info: Requested size: 597.51228pt x 845.5552pt on input line
 31.
File: temi-esame.pdf Graphic file (type pdf)
<use temi-esame.pdf, page 46>
Package pdftex.def Info: temi-esame.pdf , page46 used on input line 31. on inpu
t line 31.
Package pdftex.def Info: Requested size: 597.51228pt x 845.5552pt on input line
 31.
[74 <./temi-esame.pdf>]

pdfTeX warning: /usr/bin/pdflatex (file ./temi-esame.pdf): PDF inclusion: found
 PDF version <1.7>, but at most version <1.5> allowed
<temi-esame.pdf, id=786, page=47, pagebox=cropbox, 597.23125pt x 845.1575pt>
File: temi-esame.pdf Graphic file (type pdf)
<use temi-esame.pdf, page 47>
Package pdftex.def Info: temi-esame.pdf , page47 used on input line 31. on inpu
t line 31.
Package pdftex.def Info: Requested size: 597.51228pt x 845.5552pt on input line
 31.
File: temi-esame.pdf Graphic file (type pdf)
<use temi-esame.pdf, page 47>
Package pdftex.def Info: temi-esame.pdf , page47 used on input line 31. on inpu
t line 31.
Package pdftex.def Info: Requested size: 597.51228pt x 845.5552pt on input line
 31.
File: temi-esame.pdf Graphic file (type pdf)
<use temi-esame.pdf, page 47>
Package pdftex.def Info: temi-esame.pdf , page47 used on input line 31. on inpu
t line 31.
Package pdftex.def Info: Requested size: 597.51228pt x 845.5552pt on input line
 31.
[75 <./temi-esame.pdf>]

pdfTeX warning: /usr/bin/pdflatex (file ./temi-esame.pdf): PDF inclusion: found
 PDF version <1.7>, but at most version <1.5> allowed
<temi-esame.pdf, id=791, page=48, pagebox=cropbox, 597.23125pt x 845.1575pt>
File: temi-esame.pdf Graphic file (type pdf)
<use temi-esame.pdf, page 48>
Package pdftex.def Info: temi-esame.pdf , page48 used on input line 31. on inpu
t line 31.
Package pdftex.def Info: Requested size: 597.51228pt x 845.5552pt on input line
 31.
File: temi-esame.pdf Graphic file (type pdf)
<use temi-esame.pdf, page 48>
Package pdftex.def Info: temi-esame.pdf , page48 used on input line 31. on inpu
t line 31.
Package pdftex.def Info: Requested size: 597.51228pt x 845.5552pt on input line
 31.
File: temi-esame.pdf Graphic file (type pdf)
<use temi-esame.pdf, page 48>
Package pdftex.def Info: temi-esame.pdf , page48 used on input line 31. on inpu
t line 31.
Package pdftex.def Info: Requested size: 597.51228pt x 845.5552pt on input line
 31.
[76 <./temi-esame.pdf>]

pdfTeX warning: /usr/bin/pdflatex (file ./temi-esame.pdf): PDF inclusion: found
 PDF version <1.7>, but at most version <1.5> allowed
<temi-esame.pdf, id=796, page=49, pagebox=cropbox, 614.295pt x 794.97pt>
File: temi-esame.pdf Graphic file (type pdf)
<use temi-esame.pdf, page 49>
Package pdftex.def Info: temi-esame.pdf , page49 used on input line 31. on inpu
t line 31.
Package pdftex.def Info: Requested size: 614.58406pt x 795.3441pt on input line
 31.
File: temi-esame.pdf Graphic file (type pdf)
<use temi-esame.pdf, page 49>
Package pdftex.def Info: temi-esame.pdf , page49 used on input line 31. on inpu
t line 31.
Package pdftex.def Info: Requested size: 614.58406pt x 795.3441pt on input line
 31.
File: temi-esame.pdf Graphic file (type pdf)
<use temi-esame.pdf, page 49>
Package pdftex.def Info: temi-esame.pdf , page49 used on input line 31. on inpu
t line 31.
Package pdftex.def Info: Requested size: 614.58406pt x 795.3441pt on input line
 31.
[77 <./temi-esame.pdf>]

pdfTeX warning: /usr/bin/pdflatex (file ./temi-esame.pdf): PDF inclusion: found
 PDF version <1.7>, but at most version <1.5> allowed
<temi-esame.pdf, id=836, page=50, pagebox=cropbox, 597.23125pt x 845.1575pt>
File: temi-esame.pdf Graphic file (type pdf)
<use temi-esame.pdf, page 50>
Package pdftex.def Info: temi-esame.pdf , page50 used on input line 31. on inpu
t line 31.
Package pdftex.def Info: Requested size: 597.51228pt x 845.5552pt on input line
 31.
File: temi-esame.pdf Graphic file (type pdf)
<use temi-esame.pdf, page 50>
Package pdftex.def Info: temi-esame.pdf , page50 used on input line 31. on inpu
t line 31.
Package pdftex.def Info: Requested size: 597.51228pt x 845.5552pt on input line
 31.
File: temi-esame.pdf Graphic file (type pdf)
<use temi-esame.pdf, page 50>
Package pdftex.def Info: temi-esame.pdf , page50 used on input line 31. on inpu
t line 31.
Package pdftex.def Info: Requested size: 597.51228pt x 845.5552pt on input line
 31.
[78 <./temi-esame.pdf>]

pdfTeX warning: /usr/bin/pdflatex (file ./temi-esame.pdf): PDF inclusion: found
 PDF version <1.7>, but at most version <1.5> allowed
<temi-esame.pdf, id=841, page=51, pagebox=cropbox, 597.23125pt x 845.1575pt>
File: temi-esame.pdf Graphic file (type pdf)
<use temi-esame.pdf, page 51>
Package pdftex.def Info: temi-esame.pdf , page51 used on input line 31. on inpu
t line 31.
Package pdftex.def Info: Requested size: 597.51228pt x 845.5552pt on input line
 31.
File: temi-esame.pdf Graphic file (type pdf)
<use temi-esame.pdf, page 51>
Package pdftex.def Info: temi-esame.pdf , page51 used on input line 31. on inpu
t line 31.
Package pdftex.def Info: Requested size: 597.51228pt x 845.5552pt on input line
 31.
File: temi-esame.pdf Graphic file (type pdf)
<use temi-esame.pdf, page 51>
Package pdftex.def Info: temi-esame.pdf , page51 used on input line 31. on inpu
t line 31.
Package pdftex.def Info: Requested size: 597.51228pt x 845.5552pt on input line
 31.
[79 <./temi-esame.pdf>]

pdfTeX warning: /usr/bin/pdflatex (file ./temi-esame.pdf): PDF inclusion: found
 PDF version <1.7>, but at most version <1.5> allowed
<temi-esame.pdf, id=847, page=52, pagebox=cropbox, 597.23125pt x 845.1575pt>
File: temi-esame.pdf Graphic file (type pdf)
<use temi-esame.pdf, page 52>
Package pdftex.def Info: temi-esame.pdf , page52 used on input line 31. on inpu
t line 31.
Package pdftex.def Info: Requested size: 597.51228pt x 845.5552pt on input line
 31.
File: temi-esame.pdf Graphic file (type pdf)
<use temi-esame.pdf, page 52>
Package pdftex.def Info: temi-esame.pdf , page52 used on input line 31. on inpu
t line 31.
Package pdftex.def Info: Requested size: 597.51228pt x 845.5552pt on input line
 31.
File: temi-esame.pdf Graphic file (type pdf)
<use temi-esame.pdf, page 52>
Package pdftex.def Info: temi-esame.pdf , page52 used on input line 31. on inpu
t line 31.
Package pdftex.def Info: Requested size: 597.51228pt x 845.5552pt on input line
 31.
[80 <./temi-esame.pdf>]

pdfTeX warning: /usr/bin/pdflatex (file ./temi-esame.pdf): PDF inclusion: found
 PDF version <1.7>, but at most version <1.5> allowed
<temi-esame.pdf, id=852, page=53, pagebox=cropbox, 597.23125pt x 845.1575pt>
File: temi-esame.pdf Graphic file (type pdf)
<use temi-esame.pdf, page 53>
Package pdftex.def Info: temi-esame.pdf , page53 used on input line 31. on inpu
t line 31.
Package pdftex.def Info: Requested size: 597.51228pt x 845.5552pt on input line
 31.
File: temi-esame.pdf Graphic file (type pdf)
<use temi-esame.pdf, page 53>
Package pdftex.def Info: temi-esame.pdf , page53 used on input line 31. on inpu
t line 31.
Package pdftex.def Info: Requested size: 597.51228pt x 845.5552pt on input line
 31.
File: temi-esame.pdf Graphic file (type pdf)
<use temi-esame.pdf, page 53>
Package pdftex.def Info: temi-esame.pdf , page53 used on input line 31. on inpu
t line 31.
Package pdftex.def Info: Requested size: 597.51228pt x 845.5552pt on input line
 31.
[81 <./temi-esame.pdf>]

pdfTeX warning: /usr/bin/pdflatex (file ./temi-esame.pdf): PDF inclusion: found
 PDF version <1.7>, but at most version <1.5> allowed
<temi-esame.pdf, id=857, page=54, pagebox=cropbox, 614.295pt x 794.97pt>
File: temi-esame.pdf Graphic file (type pdf)
<use temi-esame.pdf, page 54>
Package pdftex.def Info: temi-esame.pdf , page54 used on input line 31. on inpu
t line 31.
Package pdftex.def Info: Requested size: 614.58406pt x 795.3441pt on input line
 31.
File: temi-esame.pdf Graphic file (type pdf)
<use temi-esame.pdf, page 54>
Package pdftex.def Info: temi-esame.pdf , page54 used on input line 31. on inpu
t line 31.
Package pdftex.def Info: Requested size: 614.58406pt x 795.3441pt on input line
 31.
File: temi-esame.pdf Graphic file (type pdf)
<use temi-esame.pdf, page 54>
Package pdftex.def Info: temi-esame.pdf , page54 used on input line 31. on inpu
t line 31.
Package pdftex.def Info: Requested size: 614.58406pt x 795.3441pt on input line
 31.
[82 <./temi-esame.pdf>]

pdfTeX warning: /usr/bin/pdflatex (file ./temi-esame.pdf): PDF inclusion: found
 PDF version <1.7>, but at most version <1.5> allowed
<temi-esame.pdf, id=900, page=55, pagebox=cropbox, 597.23125pt x 845.1575pt>
File: temi-esame.pdf Graphic file (type pdf)
<use temi-esame.pdf, page 55>
Package pdftex.def Info: temi-esame.pdf , page55 used on input line 31. on inpu
t line 31.
Package pdftex.def Info: Requested size: 597.51228pt x 845.5552pt on input line
 31.
File: temi-esame.pdf Graphic file (type pdf)
<use temi-esame.pdf, page 55>
Package pdftex.def Info: temi-esame.pdf , page55 used on input line 31. on inpu
t line 31.
Package pdftex.def Info: Requested size: 597.51228pt x 845.5552pt on input line
 31.
File: temi-esame.pdf Graphic file (type pdf)
<use temi-esame.pdf, page 55>
Package pdftex.def Info: temi-esame.pdf , page55 used on input line 31. on inpu
t line 31.
Package pdftex.def Info: Requested size: 597.51228pt x 845.5552pt on input line
 31.
[83 <./temi-esame.pdf>]

pdfTeX warning: /usr/bin/pdflatex (file ./temi-esame.pdf): PDF inclusion: found
 PDF version <1.7>, but at most version <1.5> allowed
<temi-esame.pdf, id=905, page=56, pagebox=cropbox, 597.23125pt x 845.1575pt>
File: temi-esame.pdf Graphic file (type pdf)
<use temi-esame.pdf, page 56>
Package pdftex.def Info: temi-esame.pdf , page56 used on input line 31. on inpu
t line 31.
Package pdftex.def Info: Requested size: 597.51228pt x 845.5552pt on input line
 31.
File: temi-esame.pdf Graphic file (type pdf)
<use temi-esame.pdf, page 56>
Package pdftex.def Info: temi-esame.pdf , page56 used on input line 31. on inpu
t line 31.
Package pdftex.def Info: Requested size: 597.51228pt x 845.5552pt on input line
 31.
File: temi-esame.pdf Graphic file (type pdf)
<use temi-esame.pdf, page 56>
Package pdftex.def Info: temi-esame.pdf , page56 used on input line 31. on inpu
t line 31.
Package pdftex.def Info: Requested size: 597.51228pt x 845.5552pt on input line
 31.
[84 <./temi-esame.pdf>]

pdfTeX warning: /usr/bin/pdflatex (file ./temi-esame.pdf): PDF inclusion: found
 PDF version <1.7>, but at most version <1.5> allowed
<temi-esame.pdf, id=910, page=57, pagebox=cropbox, 597.23125pt x 845.1575pt>
File: temi-esame.pdf Graphic file (type pdf)
<use temi-esame.pdf, page 57>
Package pdftex.def Info: temi-esame.pdf , page57 used on input line 31. on inpu
t line 31.
Package pdftex.def Info: Requested size: 597.51228pt x 845.5552pt on input line
 31.
File: temi-esame.pdf Graphic file (type pdf)
<use temi-esame.pdf, page 57>
Package pdftex.def Info: temi-esame.pdf , page57 used on input line 31. on inpu
t line 31.
Package pdftex.def Info: Requested size: 597.51228pt x 845.5552pt on input line
 31.
File: temi-esame.pdf Graphic file (type pdf)
<use temi-esame.pdf, page 57>
Package pdftex.def Info: temi-esame.pdf , page57 used on input line 31. on inpu
t line 31.
Package pdftex.def Info: Requested size: 597.51228pt x 845.5552pt on input line
 31.
[85 <./temi-esame.pdf>]

pdfTeX warning: /usr/bin/pdflatex (file ./temi-esame.pdf): PDF inclusion: found
 PDF version <1.7>, but at most version <1.5> allowed
<temi-esame.pdf, id=916, page=58, pagebox=cropbox, 614.295pt x 794.97pt>
File: temi-esame.pdf Graphic file (type pdf)
<use temi-esame.pdf, page 58>
Package pdftex.def Info: temi-esame.pdf , page58 used on input line 31. on inpu
t line 31.
Package pdftex.def Info: Requested size: 614.58406pt x 795.3441pt on input line
 31.
File: temi-esame.pdf Graphic file (type pdf)
<use temi-esame.pdf, page 58>
Package pdftex.def Info: temi-esame.pdf , page58 used on input line 31. on inpu
t line 31.
Package pdftex.def Info: Requested size: 614.58406pt x 795.3441pt on input line
 31.
File: temi-esame.pdf Graphic file (type pdf)
<use temi-esame.pdf, page 58>
Package pdftex.def Info: temi-esame.pdf , page58 used on input line 31. on inpu
t line 31.
Package pdftex.def Info: Requested size: 614.58406pt x 795.3441pt on input line
 31.
[86 <./temi-esame.pdf>]

pdfTeX warning: /usr/bin/pdflatex (file ./temi-esame.pdf): PDF inclusion: found
 PDF version <1.7>, but at most version <1.5> allowed
<temi-esame.pdf, id=973, page=59, pagebox=cropbox, 597.23125pt x 845.1575pt>
File: temi-esame.pdf Graphic file (type pdf)
<use temi-esame.pdf, page 59>
Package pdftex.def Info: temi-esame.pdf , page59 used on input line 31. on inpu
t line 31.
Package pdftex.def Info: Requested size: 597.51228pt x 845.5552pt on input line
 31.
File: temi-esame.pdf Graphic file (type pdf)
<use temi-esame.pdf, page 59>
Package pdftex.def Info: temi-esame.pdf , page59 used on input line 31. on inpu
t line 31.
Package pdftex.def Info: Requested size: 597.51228pt x 845.5552pt on input line
 31.
File: temi-esame.pdf Graphic file (type pdf)
<use temi-esame.pdf, page 59>
Package pdftex.def Info: temi-esame.pdf , page59 used on input line 31. on inpu
t line 31.
Package pdftex.def Info: Requested size: 597.51228pt x 845.5552pt on input line
 31.
[87 <./temi-esame.pdf>]

pdfTeX warning: /usr/bin/pdflatex (file ./temi-esame.pdf): PDF inclusion: found
 PDF version <1.7>, but at most version <1.5> allowed
<temi-esame.pdf, id=978, page=60, pagebox=cropbox, 597.23125pt x 845.1575pt>
File: temi-esame.pdf Graphic file (type pdf)
<use temi-esame.pdf, page 60>
Package pdftex.def Info: temi-esame.pdf , page60 used on input line 31. on inpu
t line 31.
Package pdftex.def Info: Requested size: 597.51228pt x 845.5552pt on input line
 31.
File: temi-esame.pdf Graphic file (type pdf)
<use temi-esame.pdf, page 60>
Package pdftex.def Info: temi-esame.pdf , page60 used on input line 31. on inpu
t line 31.
Package pdftex.def Info: Requested size: 597.51228pt x 845.5552pt on input line
 31.
File: temi-esame.pdf Graphic file (type pdf)
<use temi-esame.pdf, page 60>
Package pdftex.def Info: temi-esame.pdf , page60 used on input line 31. on inpu
t line 31.
Package pdftex.def Info: Requested size: 597.51228pt x 845.5552pt on input line
 31.
[88 <./temi-esame.pdf>] (./main.aux (./Teoria/meccanica.aux)
(./Teoria/elettrostatica.aux) (./Teoria/magnetostatica.aux)
(./Teoria/circuiti.aux)) ) 
Here is how much of TeX's memory you used:
 5965 strings out of 492990
 84274 string characters out of 6135004
 168566 words of memory out of 5000000
 9351 multiletter control sequences out of 15000+600000
 13708 words of font info for 52 fonts, out of 8000000 for 9000
 1141 hyphenation exceptions out of 8191
 41i,18n,46p,789b,447s stack positions out of 5000i,500n,10000p,200000b,80000s
</usr/share/texlive/texmf-dist/fonts/type1/public/ams
fonts/cm/cmbx10.pfb></usr/share/texlive/texmf-dist/fonts/type1/public/amsfonts/
cm/cmbx12.pfb></usr/share/texlive/texmf-dist/fonts/type1/public/amsfonts/cm/cme
x10.pfb></usr/share/texlive/texmf-dist/fonts/type1/public/amsfonts/cm/cmmi10.pf
b></usr/share/texlive/texmf-dist/fonts/type1/public/amsfonts/cm/cmmi12.pfb></us
r/share/texlive/texmf-dist/fonts/type1/public/amsfonts/cm/cmmi6.pfb></usr/share
/texlive/texmf-dist/fonts/type1/public/amsfonts/cm/cmmi8.pfb></usr/share/texliv
e/texmf-dist/fonts/type1/public/amsfonts/cm/cmr10.pfb></usr/share/texlive/texmf
-dist/fonts/type1/public/amsfonts/cm/cmr12.pfb></usr/share/texlive/texmf-dist/f
onts/type1/public/amsfonts/cm/cmr17.pfb></usr/share/texlive/texmf-dist/fonts/ty
pe1/public/amsfonts/cm/cmr6.pfb></usr/share/texlive/texmf-dist/fonts/type1/publ
ic/amsfonts/cm/cmr8.pfb></usr/share/texlive/texmf-dist/fonts/type1/public/amsfo
nts/cm/cmsl12.pfb></usr/share/texlive/texmf-dist/fonts/type1/public/amsfonts/cm
/cmsy10.pfb></usr/share/texlive/texmf-dist/fonts/type1/public/amsfonts/cm/cmsy6
.pfb></usr/share/texlive/texmf-dist/fonts/type1/public/amsfonts/cm/cmsy8.pfb></
usr/share/texlive/texmf-dist/fonts/type1/public/amsfonts/cm/cmti12.pfb>
Output written on main.pdf (88 pages, 33298626 bytes).
PDF statistics:
 1029 PDF objects out of 1200 (max. 8388607)
 696 compressed objects within 7 object streams
 0 named destinations out of 1000 (max. 500000)
 386 words of extra memory for PDF output out of 10000 (max. 10000000)

