\BOOKMARK [0][-]{chapter.1}{Meccanica}{}% 1
\BOOKMARK [1][-]{section.1.1}{Calcolo vettoriale}{chapter.1}% 2
\BOOKMARK [2][-]{subsection.1.1.1}{Modulo di un vettore}{section.1.1}% 3
\BOOKMARK [2][-]{subsection.1.1.2}{Somma di due vettori}{section.1.1}% 4
\BOOKMARK [2][-]{subsection.1.1.3}{Differenza di due vettori}{section.1.1}% 5
\BOOKMARK [2][-]{subsection.1.1.4}{Prodotto scalare di due vettori}{section.1.1}% 6
\BOOKMARK [2][-]{subsection.1.1.5}{Prodotto vettoriale di due vettori}{section.1.1}% 7
\BOOKMARK [2][-]{subsection.1.1.6}{Calcolo di un vettore che collega due punti}{section.1.1}% 8
\BOOKMARK [1][-]{section.1.2}{Equazioni del moto}{chapter.1}% 9
\BOOKMARK [2][-]{subsection.1.2.1}{Moto rettilineo uniforme}{section.1.2}% 10
\BOOKMARK [2][-]{subsection.1.2.2}{Moto rettilineo uniformemente accelerato}{section.1.2}% 11
\BOOKMARK [2][-]{subsection.1.2.3}{Moto circolare uniforme}{section.1.2}% 12
\BOOKMARK [1][-]{section.1.3}{Leggi di Newton}{chapter.1}% 13
\BOOKMARK [2][-]{subsection.1.3.1}{Prima legge di Newton}{section.1.3}% 14
\BOOKMARK [2][-]{subsection.1.3.2}{Seconda legge di Newton}{section.1.3}% 15
\BOOKMARK [2][-]{subsection.1.3.3}{Terza legge di Newton}{section.1.3}% 16
\BOOKMARK [0][-]{chapter.2}{Elettrostatica}{}% 17
\BOOKMARK [1][-]{section.2.1}{Legge di Coulomb}{chapter.2}% 18
\BOOKMARK [1][-]{section.2.2}{Principio di sovrapposizione}{chapter.2}% 19
\BOOKMARK [1][-]{section.2.3}{Campo elettrico}{chapter.2}% 20
\BOOKMARK [1][-]{section.2.4}{Teorema di Gauss per il campo elettrico}{chapter.2}% 21
\BOOKMARK [2][-]{subsection.2.4.1}{Distribuzione lineare}{section.2.4}% 22
\BOOKMARK [2][-]{subsection.2.4.2}{Distribuzione piana}{section.2.4}% 23
\BOOKMARK [1][-]{section.2.5}{Energia elettrica}{chapter.2}% 24
\BOOKMARK [2][-]{subsection.2.5.1}{Energia potenziale elettrica}{section.2.5}% 25
\BOOKMARK [2][-]{subsection.2.5.2}{Potenziale elettrico}{section.2.5}% 26
\BOOKMARK [2][-]{subsection.2.5.3}{Lavoro del campo elettrico}{section.2.5}% 27
\BOOKMARK [2][-]{subsection.2.5.4}{La forza di Coulomb \350 conservativa}{section.2.5}% 28
\BOOKMARK [1][-]{section.2.6}{Dipolo elettrico}{chapter.2}% 29
\BOOKMARK [2][-]{subsection.2.6.1}{Campo elettrico lungo l'asse del dipolo}{section.2.6}% 30
\BOOKMARK [2][-]{subsection.2.6.2}{Potenziale elettrico lungo l'asse del dipolo}{section.2.6}% 31
\BOOKMARK [0][-]{chapter.3}{Magnetostatica}{}% 32
\BOOKMARK [1][-]{section.3.1}{Corrente elettrica}{chapter.3}% 33
\BOOKMARK [1][-]{section.3.2}{Forza di Lorentz}{chapter.3}% 34
\BOOKMARK [2][-]{subsection.3.2.1}{Forza tra due fili paralleli percorsi da corrente}{section.3.2}% 35
\BOOKMARK [1][-]{section.3.3}{Legge di Biot-Savart}{chapter.3}% 36
\BOOKMARK [2][-]{subsection.3.3.1}{Tratto di filo rettilineo}{section.3.3}% 37
\BOOKMARK [2][-]{subsection.3.3.2}{Spira circolare}{section.3.3}% 38
\BOOKMARK [1][-]{section.3.4}{Legge di Amp\351re}{chapter.3}% 39
\BOOKMARK [2][-]{subsection.3.4.1}{Solenoide ideale}{section.3.4}% 40
\BOOKMARK [1][-]{section.3.5}{Legge di Faraday-Lenz}{chapter.3}% 41
\BOOKMARK [2][-]{subsection.3.5.1}{Relazione con induttanza}{section.3.5}% 42
\BOOKMARK [0][-]{chapter.4}{Circuiti}{}% 43
\BOOKMARK [1][-]{section.4.1}{Resistori}{chapter.4}% 44
\BOOKMARK [2][-]{subsection.4.1.1}{Resistori collegati in parallelo}{section.4.1}% 45
\BOOKMARK [2][-]{subsection.4.1.2}{Resistori collegati in serie}{section.4.1}% 46
\BOOKMARK [1][-]{section.4.2}{Condensatori}{chapter.4}% 47
\BOOKMARK [2][-]{subsection.4.2.1}{Campo elettrico all'interno di un condensatore}{section.4.2}% 48
\BOOKMARK [2][-]{subsection.4.2.2}{Differenza di potenziale sulle armature del condensatore}{section.4.2}% 49
\BOOKMARK [2][-]{subsection.4.2.3}{Capacit\340 di un condensatore piano}{section.4.2}% 50
\BOOKMARK [2][-]{subsection.4.2.4}{Cosa accade all'esterno del condensatore}{section.4.2}% 51
\BOOKMARK [2][-]{subsection.4.2.5}{Carica e scarica del condensatore}{section.4.2}% 52
\BOOKMARK [2][-]{subsection.4.2.6}{Condensatori collegati in parallelo}{section.4.2}% 53
\BOOKMARK [2][-]{subsection.4.2.7}{Condensatori collegati in serie}{section.4.2}% 54
